This file contains any messages produced by compilers while
running configure, to aid debugging if configure makes a mistake.

It was created by ODE configure 0.16.2, which was
generated by GNU Autoconf 2.69.  Invocation command line was

  $ ./configure --enable-double-precision --enable-ou --enable-libccd --with-box-cylinder=libccd--with-libccd=internal

## --------- ##
## Platform. ##
## --------- ##

hostname = DESKTOP-SJA57FF
uname -m = x86_64
uname -r = 3.3.4-341.x86_64
uname -s = MINGW64_NT-10.0-19044
uname -v = 2022-02-15 17:24 UTC

/usr/bin/uname -p = unknown
/bin/uname -X     = unknown

/bin/arch              = x86_64
/usr/bin/arch -k       = unknown
/usr/convex/getsysinfo = unknown
/usr/bin/hostinfo      = unknown
/bin/machine           = unknown
/usr/bin/oslevel       = unknown
/bin/universe          = unknown

PATH: /mingw64/bin
PATH: /usr/local/bin
PATH: /usr/bin
PATH: /bin
PATH: /c/Windows/System32
PATH: /c/Windows
PATH: /c/Windows/System32/Wbem
PATH: /c/Windows/System32/WindowsPowerShell/v1.0/
PATH: /usr/bin/site_perl
PATH: /usr/bin/vendor_perl
PATH: /usr/bin/core_perl


## ----------- ##
## Core tests. ##
## ----------- ##

configure:2591: loading site script /etc/config.site
| # This file is in public domain.
| # Original author: Karlson2k (Evgeny Grin)
| # Written for MSys2 to help running 'configure' scripts
| 
| # Defaults for MSys2/MinGW64-targeted programs
| 
| # Set proper selfname on bash and fallback to default name on other shells
| test -n "${BASH_SOURCE}" 2>/dev/null && config_site_me="${BASH_SOURCE[0]##*/}" || config_site_me=config.site
| 
| # Set default 'host' to speedup configure
| if test -z "$build_alias"; then
|   build_alias="${MSYSTEM_CHOST}"  && \
|     ${as_echo-echo} "$config_site_me:${as_lineno-$LINENO}: default build_alias set to $build_alias" >&5
| fi
| 
| # Set default 'prefix'
| if ( test -z "$prefix" || test "x$prefix" = "xNONE" ) && \
|     ( test -z "$exec_prefix" || test "x$exec_prefix" = "xNONE" ); then
|   prefix="${MSYSTEM_PREFIX}" && \
|     ${as_echo-echo} "$config_site_me:${as_lineno-$LINENO}: default prefix set to $prefix" >&5
| fi
config.site:13: default build_alias set to x86_64-w64-mingw32
config.site:20: default prefix set to /mingw64
configure:2765: checking build system type
configure:2779: result: x86_64-w64-mingw32
configure:2799: checking host system type
configure:2812: result: x86_64-w64-mingw32
configure:2849: checking for a BSD-compatible install
configure:2917: result: /usr/bin/install -c
configure:2928: checking whether build environment is sane
configure:2983: result: yes
configure:3134: checking for a thread-safe mkdir -p
configure:3173: result: /usr/bin/mkdir -p
configure:3180: checking for gawk
configure:3196: found /usr/bin/gawk
configure:3207: result: gawk
configure:3218: checking whether make sets $(MAKE)
configure:3240: result: yes
configure:3269: checking whether make supports nested variables
configure:3286: result: yes
configure:3415: checking whether make sets $(MAKE)
configure:3437: result: yes
configure:3504: checking for g++
configure:3520: found /mingw64/bin/g++
configure:3531: result: g++
configure:3558: checking for C++ compiler version
configure:3567: g++ --version >&5
g++.exe (Rev10, Built by MSYS2 project) 11.2.0
Copyright (C) 2021 Free Software Foundation, Inc.
This is free software; see the source for copying conditions.  There is NO
warranty; not even for MERCHANTABILITY or FITNESS FOR A PARTICULAR PURPOSE.

configure:3578: $? = 0
configure:3567: g++ -v >&5
Using built-in specs.
COLLECT_GCC=C:\msys64\mingw64\bin\g++.exe
COLLECT_LTO_WRAPPER=C:/msys64/mingw64/bin/../lib/gcc/x86_64-w64-mingw32/11.2.0/lto-wrapper.exe
Target: x86_64-w64-mingw32
Configured with: ../gcc-11.2.0/configure --prefix=/mingw64 --with-local-prefix=/mingw64/local --build=x86_64-w64-mingw32 --host=x86_64-w64-mingw32 --target=x86_64-w64-mingw32 --with-native-system-header-dir=/mingw64/include --libexecdir=/mingw64/lib --enable-bootstrap --enable-checking=release --with-arch=x86-64 --with-tune=generic --enable-languages=c,lto,c++,fortran,ada,objc,obj-c++,jit --enable-shared --enable-static --enable-libatomic --enable-threads=posix --enable-graphite --enable-fully-dynamic-string --enable-libstdcxx-filesystem-ts --enable-libstdcxx-time --disable-libstdcxx-pch --disable-libstdcxx-debug --enable-lto --enable-libgomp --disable-multilib --disable-rpath --disable-win32-registry --disable-nls --disable-werror --disable-symvers --with-libiconv --with-system-zlib --with-gmp=/mingw64 --with-mpfr=/mingw64 --with-mpc=/mingw64 --with-isl=/mingw64 --with-pkgversion='Rev10, Built by MSYS2 project' --with-bugurl=https://github.com/msys2/MINGW-packages/issues --with-gnu-as --with-gnu-ld --with-boot-ldflags='-pipe -Wl,--disable-dynamicbase -static-libstdc++ -static-libgcc' LDFLAGS_FOR_TARGET=-pipe --enable-linker-plugin-flags='LDFLAGS=-static-libstdc++\ -static-libgcc\ -pipe\ -Wl,--stack,12582912'
Thread model: posix
Supported LTO compression algorithms: zlib zstd
gcc version 11.2.0 (Rev10, Built by MSYS2 project) 
configure:3578: $? = 0
configure:3567: g++ -V >&5
g++.exe: error: unrecognized command-line option '-V'
g++.exe: fatal error: no input files
compilation terminated.
configure:3578: $? = 1
configure:3567: g++ -qversion >&5
g++.exe: error: unrecognized command-line option '-qversion'; did you mean '--version'?
g++.exe: fatal error: no input files
compilation terminated.
configure:3578: $? = 1
configure:3598: checking whether the C++ compiler works
configure:3620: g++    conftest.cpp  >&5
configure:3624: $? = 0
configure:3672: result: yes
configure:3675: checking for C++ compiler default output file name
configure:3677: result: a.exe
configure:3683: checking for suffix of executables
configure:3690: g++ -o conftest.exe    conftest.cpp  >&5
configure:3694: $? = 0
configure:3716: result: .exe
configure:3738: checking whether we are cross compiling
configure:3746: g++ -o conftest.exe    conftest.cpp  >&5
configure:3750: $? = 0
configure:3757: ./conftest.exe
configure:3761: $? = 0
configure:3776: result: no
configure:3781: checking for suffix of object files
configure:3803: g++ -c   conftest.cpp >&5
configure:3807: $? = 0
configure:3828: result: o
configure:3832: checking whether we are using the GNU C++ compiler
configure:3851: g++ -c   conftest.cpp >&5
configure:3851: $? = 0
configure:3860: result: yes
configure:3869: checking whether g++ accepts -g
configure:3889: g++ -c -g  conftest.cpp >&5
configure:3889: $? = 0
configure:3930: result: yes
configure:3964: checking for style of include used by make
configure:3992: result: GNU
configure:4018: checking dependency style of g++
configure:4129: result: gcc3
configure:4192: checking for gcc
configure:4208: found /mingw64/bin/gcc
configure:4219: result: gcc
configure:4448: checking for C compiler version
configure:4457: gcc --version >&5
gcc.exe (Rev10, Built by MSYS2 project) 11.2.0
Copyright (C) 2021 Free Software Foundation, Inc.
This is free software; see the source for copying conditions.  There is NO
warranty; not even for MERCHANTABILITY or FITNESS FOR A PARTICULAR PURPOSE.

configure:4468: $? = 0
configure:4457: gcc -v >&5
Using built-in specs.
COLLECT_GCC=C:\msys64\mingw64\bin\gcc.exe
COLLECT_LTO_WRAPPER=C:/msys64/mingw64/bin/../lib/gcc/x86_64-w64-mingw32/11.2.0/lto-wrapper.exe
Target: x86_64-w64-mingw32
Configured with: ../gcc-11.2.0/configure --prefix=/mingw64 --with-local-prefix=/mingw64/local --build=x86_64-w64-mingw32 --host=x86_64-w64-mingw32 --target=x86_64-w64-mingw32 --with-native-system-header-dir=/mingw64/include --libexecdir=/mingw64/lib --enable-bootstrap --enable-checking=release --with-arch=x86-64 --with-tune=generic --enable-languages=c,lto,c++,fortran,ada,objc,obj-c++,jit --enable-shared --enable-static --enable-libatomic --enable-threads=posix --enable-graphite --enable-fully-dynamic-string --enable-libstdcxx-filesystem-ts --enable-libstdcxx-time --disable-libstdcxx-pch --disable-libstdcxx-debug --enable-lto --enable-libgomp --disable-multilib --disable-rpath --disable-win32-registry --disable-nls --disable-werror --disable-symvers --with-libiconv --with-system-zlib --with-gmp=/mingw64 --with-mpfr=/mingw64 --with-mpc=/mingw64 --with-isl=/mingw64 --with-pkgversion='Rev10, Built by MSYS2 project' --with-bugurl=https://github.com/msys2/MINGW-packages/issues --with-gnu-as --with-gnu-ld --with-boot-ldflags='-pipe -Wl,--disable-dynamicbase -static-libstdc++ -static-libgcc' LDFLAGS_FOR_TARGET=-pipe --enable-linker-plugin-flags='LDFLAGS=-static-libstdc++\ -static-libgcc\ -pipe\ -Wl,--stack,12582912'
Thread model: posix
Supported LTO compression algorithms: zlib zstd
gcc version 11.2.0 (Rev10, Built by MSYS2 project) 
configure:4468: $? = 0
configure:4457: gcc -V >&5
gcc.exe: error: unrecognized command-line option '-V'
gcc.exe: fatal error: no input files
compilation terminated.
configure:4468: $? = 1
configure:4457: gcc -qversion >&5
gcc.exe: error: unrecognized command-line option '-qversion'; did you mean '--version'?
gcc.exe: fatal error: no input files
compilation terminated.
configure:4468: $? = 1
configure:4472: checking whether we are using the GNU C compiler
configure:4491: gcc -c   conftest.c >&5
configure:4491: $? = 0
configure:4500: result: yes
configure:4509: checking whether gcc accepts -g
configure:4529: gcc -c -g  conftest.c >&5
configure:4529: $? = 0
configure:4570: result: yes
configure:4587: checking for gcc option to accept ISO C89
configure:4650: gcc  -c -g -O2  conftest.c >&5
configure:4650: $? = 0
configure:4663: result: none needed
configure:4688: checking whether gcc understands -c and -o together
configure:4710: gcc -c conftest.c -o conftest2.o
configure:4713: $? = 0
configure:4710: gcc -c conftest.c -o conftest2.o
configure:4713: $? = 0
configure:4725: result: yes
configure:4744: checking dependency style of gcc
configure:4855: result: gcc3
configure:4876: checking how to run the C preprocessor
configure:4907: gcc -E  conftest.c
configure:4907: $? = 0
configure:4921: gcc -E  conftest.c
conftest.c:11:10: fatal error: ac_nonexistent.h: No such file or directory
   11 | #include <ac_nonexistent.h>
      |          ^~~~~~~~~~~~~~~~~~
compilation terminated.
configure:4921: $? = 1
configure: failed program was:
| /* confdefs.h */
| #define PACKAGE_NAME "ODE"
| #define PACKAGE_TARNAME "ode"
| #define PACKAGE_VERSION "0.16.2"
| #define PACKAGE_STRING "ODE 0.16.2"
| #define PACKAGE_BUGREPORT "ode@ode.org"
| #define PACKAGE_URL ""
| #define PACKAGE "ode"
| #define VERSION "0.16.2"
| /* end confdefs.h.  */
| #include <ac_nonexistent.h>
configure:4946: result: gcc -E
configure:4966: gcc -E  conftest.c
configure:4966: $? = 0
configure:4980: gcc -E  conftest.c
conftest.c:11:10: fatal error: ac_nonexistent.h: No such file or directory
   11 | #include <ac_nonexistent.h>
      |          ^~~~~~~~~~~~~~~~~~
compilation terminated.
configure:4980: $? = 1
configure: failed program was:
| /* confdefs.h */
| #define PACKAGE_NAME "ODE"
| #define PACKAGE_TARNAME "ode"
| #define PACKAGE_VERSION "0.16.2"
| #define PACKAGE_STRING "ODE 0.16.2"
| #define PACKAGE_BUGREPORT "ode@ode.org"
| #define PACKAGE_URL ""
| #define PACKAGE "ode"
| #define VERSION "0.16.2"
| /* end confdefs.h.  */
| #include <ac_nonexistent.h>
configure:5012: checking for gawk
configure:5039: result: gawk
configure:5051: checking whether ln -s works
configure:5058: result: no, using cp -pR
configure:5109: checking how to print strings
configure:5136: result: printf
configure:5157: checking for a sed that does not truncate output
configure:5221: result: /usr/bin/sed
configure:5239: checking for grep that handles long lines and -e
configure:5297: result: /usr/bin/grep
configure:5302: checking for egrep
configure:5364: result: /usr/bin/grep -E
configure:5369: checking for fgrep
configure:5431: result: /usr/bin/grep -F
configure:5466: checking for ld used by gcc
configure:5533: result: C:/msys64/mingw64/x86_64-w64-mingw32/bin/ld.exe
configure:5540: checking if the linker (C:/msys64/mingw64/x86_64-w64-mingw32/bin/ld.exe) is GNU ld
configure:5555: result: yes
configure:5567: checking for BSD- or MS-compatible name lister (nm)
configure:5621: result: /mingw64/bin/nm -B
configure:5751: checking the name lister (/mingw64/bin/nm -B) interface
configure:5758: gcc -c -g -O2  conftest.c >&5
configure:5761: /mingw64/bin/nm -B "conftest.o"
configure:5764: output
0000000000000000 b .bss
0000000000000000 d .data
0000000000000000 N .debug_abbrev
0000000000000000 N .debug_aranges
0000000000000000 N .debug_info
0000000000000000 N .debug_line
0000000000000000 N .debug_line_str
0000000000000000 r .rdata$zzz
0000000000000000 t .text
0000000000000000 B some_variable
configure:5771: result: BSD nm
configure:5775: checking the maximum length of command line arguments
configure:5906: result: 8192
configure:5954: checking how to convert x86_64-w64-mingw32 file names to x86_64-w64-mingw32 format
configure:5994: result: func_convert_file_msys_to_w32
configure:6001: checking how to convert x86_64-w64-mingw32 file names to toolchain format
configure:6021: result: func_convert_file_msys_to_w32
configure:6028: checking for C:/msys64/mingw64/x86_64-w64-mingw32/bin/ld.exe option to reload object files
configure:6035: result: -r
configure:6109: checking for objdump
configure:6125: found /mingw64/bin/objdump
configure:6136: result: objdump
configure:6165: checking how to recognize dependent libraries
configure:6365: result: file_magic ^x86 archive import|^x86 DLL
configure:6450: checking for dlltool
configure:6466: found /mingw64/bin/dlltool
configure:6477: result: dlltool
configure:6507: checking how to associate runtime and link libraries
configure:6534: result: func_cygming_dll_for_implib
configure:6595: checking for ar
configure:6611: found /mingw64/bin/ar
configure:6622: result: ar
configure:6659: checking for archiver @FILE support
configure:6676: gcc -c -g -O2  conftest.c >&5
configure:6676: $? = 0
configure:6679: ar cru libconftest.a @conftest.lst >&5
C:\msys64\mingw64\bin\ar.exe: `u' modifier ignored since `D' is the default (see `U')
configure:6682: $? = 0
configure:6687: ar cru libconftest.a @conftest.lst >&5
C:\msys64\mingw64\bin\ar.exe: `u' modifier ignored since `D' is the default (see `U')
C:\msys64\mingw64\bin\ar.exe: conftest.o: No such file or directory
configure:6690: $? = 1
configure:6702: result: @
configure:6760: checking for strip
configure:6776: found /mingw64/bin/strip
configure:6787: result: strip
configure:6859: checking for ranlib
configure:6875: found /mingw64/bin/ranlib
configure:6886: result: ranlib
configure:6988: checking command to parse /mingw64/bin/nm -B output from gcc object
configure:7141: gcc -c -g -O2  conftest.c >&5
configure:7144: $? = 0
configure:7148: /mingw64/bin/nm -B conftest.o \| sed -n -e 's/^.*[ ]\([ABCDGIRSTW][ABCDGIRSTW]*\)[ ][ ]*\([_A-Za-z][_A-Za-z0-9]*\)\{0,1\}$/\1 \2 \2/p' | sed '/ __gnu_lto/d' \> conftest.nm
configure:7151: $? = 0
configure:7217: gcc -o conftest.exe -g -O2   conftest.c conftstm.o >&5
configure:7220: $? = 0
configure:7258: result: ok
configure:7305: checking for sysroot
configure:7335: result: no
configure:7342: checking for a working dd
configure:7380: result: /usr/bin/dd
configure:7384: checking how to truncate binary pipes
configure:7399: result: /usr/bin/dd bs=4096 count=1
configure:7728: checking for mt
configure:7758: result: no
configure:7778: checking if : is a manifest tool
configure:7784: : '-?'
configure:7792: result: no
configure:8465: checking for ANSI C header files
configure:8485: gcc -c -g -O2  conftest.c >&5
configure:8485: $? = 0
configure:8558: gcc -o conftest.exe -g -O2   conftest.c  >&5
configure:8558: $? = 0
configure:8558: ./conftest.exe
configure:8558: $? = 0
configure:8569: result: yes
configure:8582: checking for sys/types.h
configure:8582: gcc -c -g -O2  conftest.c >&5
configure:8582: $? = 0
configure:8582: result: yes
configure:8582: checking for sys/stat.h
configure:8582: gcc -c -g -O2  conftest.c >&5
configure:8582: $? = 0
configure:8582: result: yes
configure:8582: checking for stdlib.h
configure:8582: gcc -c -g -O2  conftest.c >&5
configure:8582: $? = 0
configure:8582: result: yes
configure:8582: checking for string.h
configure:8582: gcc -c -g -O2  conftest.c >&5
configure:8582: $? = 0
configure:8582: result: yes
configure:8582: checking for memory.h
configure:8582: gcc -c -g -O2  conftest.c >&5
configure:8582: $? = 0
configure:8582: result: yes
configure:8582: checking for strings.h
configure:8582: gcc -c -g -O2  conftest.c >&5
configure:8582: $? = 0
configure:8582: result: yes
configure:8582: checking for inttypes.h
configure:8582: gcc -c -g -O2  conftest.c >&5
configure:8582: $? = 0
configure:8582: result: yes
configure:8582: checking for stdint.h
configure:8582: gcc -c -g -O2  conftest.c >&5
configure:8582: $? = 0
configure:8582: result: yes
configure:8582: checking for unistd.h
configure:8582: gcc -c -g -O2  conftest.c >&5
configure:8582: $? = 0
configure:8582: result: yes
configure:8596: checking for dlfcn.h
configure:8596: gcc -c -g -O2  conftest.c >&5
conftest.c:55:10: fatal error: dlfcn.h: No such file or directory
   55 | #include <dlfcn.h>
      |          ^~~~~~~~~
compilation terminated.
configure:8596: $? = 1
configure: failed program was:
| /* confdefs.h */
| #define PACKAGE_NAME "ODE"
| #define PACKAGE_TARNAME "ode"
| #define PACKAGE_VERSION "0.16.2"
| #define PACKAGE_STRING "ODE 0.16.2"
| #define PACKAGE_BUGREPORT "ode@ode.org"
| #define PACKAGE_URL ""
| #define PACKAGE "ode"
| #define VERSION "0.16.2"
| #define STDC_HEADERS 1
| #define HAVE_SYS_TYPES_H 1
| #define HAVE_SYS_STAT_H 1
| #define HAVE_STDLIB_H 1
| #define HAVE_STRING_H 1
| #define HAVE_MEMORY_H 1
| #define HAVE_STRINGS_H 1
| #define HAVE_INTTYPES_H 1
| #define HAVE_STDINT_H 1
| #define HAVE_UNISTD_H 1
| /* end confdefs.h.  */
| #include <stdio.h>
| #ifdef HAVE_SYS_TYPES_H
| # include <sys/types.h>
| #endif
| #ifdef HAVE_SYS_STAT_H
| # include <sys/stat.h>
| #endif
| #ifdef STDC_HEADERS
| # include <stdlib.h>
| # include <stddef.h>
| #else
| # ifdef HAVE_STDLIB_H
| #  include <stdlib.h>
| # endif
| #endif
| #ifdef HAVE_STRING_H
| # if !defined STDC_HEADERS && defined HAVE_MEMORY_H
| #  include <memory.h>
| # endif
| # include <string.h>
| #endif
| #ifdef HAVE_STRINGS_H
| # include <strings.h>
| #endif
| #ifdef HAVE_INTTYPES_H
| # include <inttypes.h>
| #endif
| #ifdef HAVE_STDINT_H
| # include <stdint.h>
| #endif
| #ifdef HAVE_UNISTD_H
| # include <unistd.h>
| #endif
| 
| #include <dlfcn.h>
configure:8596: result: no
configure:8699: checking for as
configure:8715: found /mingw64/bin/as
configure:8726: result: as
configure:8791: checking for dlltool
configure:8818: result: dlltool
configure:8883: checking for objdump
configure:8910: result: objdump
configure:9160: checking for objdir
configure:9175: result: .libs
configure:9439: checking if gcc supports -fno-rtti -fno-exceptions
configure:9457: gcc -c -g -O2  -fno-rtti -fno-exceptions conftest.c >&5
cc1.exe: warning: command-line option '-fno-rtti' is valid for C++/D/ObjC++ but not for C
configure:9461: $? = 0
configure:9474: result: no
configure:9832: checking for gcc option to produce PIC
configure:9839: result: -DDLL_EXPORT -DPIC
configure:9847: checking if gcc PIC flag -DDLL_EXPORT -DPIC works
configure:9865: gcc -c -g -O2  -DDLL_EXPORT -DPIC -DPIC conftest.c >&5
configure:9869: $? = 0
configure:9882: result: yes
configure:9911: checking if gcc static flag -static works
configure:9939: result: yes
configure:9954: checking if gcc supports -c -o file.o
configure:9975: gcc -c -g -O2  -o out/conftest2.o conftest.c >&5
configure:9979: $? = 0
configure:10001: result: yes
configure:10009: checking if gcc supports -c -o file.o
configure:10056: result: yes
configure:10089: checking whether the gcc linker (C:/msys64/mingw64/x86_64-w64-mingw32/bin/ld.exe) supports shared libraries
configure:11352: result: yes
configure:11592: checking dynamic linker characteristics
configure:12422: result: Win32 ld.exe
configure:12544: checking how to hardcode library paths into programs
configure:12569: result: immediate
configure:13117: checking whether stripping libraries is possible
configure:13122: result: yes
configure:13157: checking if libtool supports shared libraries
configure:13159: result: yes
configure:13162: checking whether to build shared libraries
configure:13187: result: no
configure:13190: checking whether to build static libraries
configure:13194: result: yes
configure:13217: checking how to run the C++ preprocessor
configure:13244: g++ -E  conftest.cpp
configure:13244: $? = 0
configure:13258: g++ -E  conftest.cpp
conftest.cpp:22:10: fatal error: ac_nonexistent.h: No such file or directory
   22 | #include <ac_nonexistent.h>
      |          ^~~~~~~~~~~~~~~~~~
compilation terminated.
configure:13258: $? = 1
configure: failed program was:
| /* confdefs.h */
| #define PACKAGE_NAME "ODE"
| #define PACKAGE_TARNAME "ode"
| #define PACKAGE_VERSION "0.16.2"
| #define PACKAGE_STRING "ODE 0.16.2"
| #define PACKAGE_BUGREPORT "ode@ode.org"
| #define PACKAGE_URL ""
| #define PACKAGE "ode"
| #define VERSION "0.16.2"
| #define STDC_HEADERS 1
| #define HAVE_SYS_TYPES_H 1
| #define HAVE_SYS_STAT_H 1
| #define HAVE_STDLIB_H 1
| #define HAVE_STRING_H 1
| #define HAVE_MEMORY_H 1
| #define HAVE_STRINGS_H 1
| #define HAVE_INTTYPES_H 1
| #define HAVE_STDINT_H 1
| #define HAVE_UNISTD_H 1
| #define LT_OBJDIR ".libs/"
| /* end confdefs.h.  */
| #include <ac_nonexistent.h>
configure:13283: result: g++ -E
configure:13303: g++ -E  conftest.cpp
configure:13303: $? = 0
configure:13317: g++ -E  conftest.cpp
conftest.cpp:22:10: fatal error: ac_nonexistent.h: No such file or directory
   22 | #include <ac_nonexistent.h>
      |          ^~~~~~~~~~~~~~~~~~
compilation terminated.
configure:13317: $? = 1
configure: failed program was:
| /* confdefs.h */
| #define PACKAGE_NAME "ODE"
| #define PACKAGE_TARNAME "ode"
| #define PACKAGE_VERSION "0.16.2"
| #define PACKAGE_STRING "ODE 0.16.2"
| #define PACKAGE_BUGREPORT "ode@ode.org"
| #define PACKAGE_URL ""
| #define PACKAGE "ode"
| #define VERSION "0.16.2"
| #define STDC_HEADERS 1
| #define HAVE_SYS_TYPES_H 1
| #define HAVE_SYS_STAT_H 1
| #define HAVE_STDLIB_H 1
| #define HAVE_STRING_H 1
| #define HAVE_MEMORY_H 1
| #define HAVE_STRINGS_H 1
| #define HAVE_INTTYPES_H 1
| #define HAVE_STDINT_H 1
| #define HAVE_UNISTD_H 1
| #define LT_OBJDIR ".libs/"
| /* end confdefs.h.  */
| #include <ac_nonexistent.h>
configure:13479: checking for ld used by g++
configure:13546: result: C:/msys64/mingw64/x86_64-w64-mingw32/bin/ld.exe
configure:13553: checking if the linker (C:/msys64/mingw64/x86_64-w64-mingw32/bin/ld.exe) is GNU ld
configure:13568: result: yes
configure:13623: checking whether the g++ linker (C:/msys64/mingw64/x86_64-w64-mingw32/bin/ld.exe) supports shared libraries
configure:14696: result: yes
configure:14732: g++ -c -g -O2  conftest.cpp >&5
configure:14735: $? = 0
configure:15216: checking for g++ option to produce PIC
configure:15223: result: -DDLL_EXPORT -DPIC
configure:15231: checking if g++ PIC flag -DDLL_EXPORT -DPIC works
configure:15249: g++ -c -g -O2  -DDLL_EXPORT -DPIC -DPIC conftest.cpp >&5
configure:15253: $? = 0
configure:15266: result: yes
configure:15289: checking if g++ static flag -static works
configure:15317: result: yes
configure:15329: checking if g++ supports -c -o file.o
configure:15350: g++ -c -g -O2  -o out/conftest2.o conftest.cpp >&5
configure:15354: $? = 0
configure:15376: result: yes
configure:15381: checking if g++ supports -c -o file.o
configure:15428: result: yes
configure:15458: checking whether the g++ linker (C:/msys64/mingw64/x86_64-w64-mingw32/bin/ld.exe) supports shared libraries
configure:15501: result: yes
configure:15642: checking dynamic linker characteristics
configure:16399: result: Win32 ld.exe
configure:16464: checking how to hardcode library paths into programs
configure:16489: result: immediate
configure:16599: checking for windres
configure:16615: found /mingw64/bin/windres
configure:16626: result: windres
configure:16651: checking whether byte ordering is bigendian
configure:16666: gcc -c -g -O2  conftest.c >&5
conftest.c:23:16: error: unknown type name 'not'
   23 |                not a universal capable compiler
      |                ^~~
conftest.c:23:22: error: expected '=', ',', ';', 'asm' or '__attribute__' before 'universal'
   23 |                not a universal capable compiler
      |                      ^~~~~~~~~
conftest.c:23:22: error: unknown type name 'universal'
configure:16666: $? = 1
configure: failed program was:
| /* confdefs.h */
| #define PACKAGE_NAME "ODE"
| #define PACKAGE_TARNAME "ode"
| #define PACKAGE_VERSION "0.16.2"
| #define PACKAGE_STRING "ODE 0.16.2"
| #define PACKAGE_BUGREPORT "ode@ode.org"
| #define PACKAGE_URL ""
| #define PACKAGE "ode"
| #define VERSION "0.16.2"
| #define STDC_HEADERS 1
| #define HAVE_SYS_TYPES_H 1
| #define HAVE_SYS_STAT_H 1
| #define HAVE_STDLIB_H 1
| #define HAVE_STRING_H 1
| #define HAVE_MEMORY_H 1
| #define HAVE_STRINGS_H 1
| #define HAVE_INTTYPES_H 1
| #define HAVE_STDINT_H 1
| #define HAVE_UNISTD_H 1
| #define LT_OBJDIR ".libs/"
| /* end confdefs.h.  */
| #ifndef __APPLE_CC__
| 	       not a universal capable compiler
| 	     #endif
| 	     typedef int dummy;
| 
configure:16711: gcc -c -g -O2  conftest.c >&5
configure:16711: $? = 0
configure:16729: gcc -c -g -O2  conftest.c >&5
conftest.c: In function 'main':
conftest.c:29:18: error: unknown type name 'not'; did you mean 'ino_t'?
   29 |                  not big endian
      |                  ^~~
      |                  ino_t
conftest.c:29:26: error: expected '=', ',', ';', 'asm' or '__attribute__' before 'endian'
   29 |                  not big endian
      |                          ^~~~~~
configure:16729: $? = 1
configure: failed program was:
| /* confdefs.h */
| #define PACKAGE_NAME "ODE"
| #define PACKAGE_TARNAME "ode"
| #define PACKAGE_VERSION "0.16.2"
| #define PACKAGE_STRING "ODE 0.16.2"
| #define PACKAGE_BUGREPORT "ode@ode.org"
| #define PACKAGE_URL ""
| #define PACKAGE "ode"
| #define VERSION "0.16.2"
| #define STDC_HEADERS 1
| #define HAVE_SYS_TYPES_H 1
| #define HAVE_SYS_STAT_H 1
| #define HAVE_STDLIB_H 1
| #define HAVE_STRING_H 1
| #define HAVE_MEMORY_H 1
| #define HAVE_STRINGS_H 1
| #define HAVE_INTTYPES_H 1
| #define HAVE_STDINT_H 1
| #define HAVE_UNISTD_H 1
| #define LT_OBJDIR ".libs/"
| /* end confdefs.h.  */
| #include <sys/types.h>
| 		#include <sys/param.h>
| 
| int
| main ()
| {
| #if BYTE_ORDER != BIG_ENDIAN
| 		 not big endian
| 		#endif
| 
|   ;
|   return 0;
| }
configure:16857: result: no
configure:16875: checking for inline
configure:16891: gcc -c -g -O2  conftest.c >&5
configure:16891: $? = 0
configure:16899: result: inline
configure:16917: checking for working volatile
configure:16936: gcc -c -g -O2  conftest.c >&5
configure:16936: $? = 0
configure:16943: result: yes
configure:17004: checking for pkg-config
configure:17022: found /mingw64/bin/pkg-config
configure:17034: result: /mingw64/bin/pkg-config
configure:17059: checking pkg-config is at least version 0.9.0
configure:17062: result: yes
configure:17076: checking for doxygen
configure:17106: result: no
configure:17161: checking alloca.h usability
configure:17161: gcc -c -g -O2  conftest.c >&5
conftest.c:56:10: fatal error: alloca.h: No such file or directory
   56 | #include <alloca.h>
      |          ^~~~~~~~~~
compilation terminated.
configure:17161: $? = 1
configure: failed program was:
| /* confdefs.h */
| #define PACKAGE_NAME "ODE"
| #define PACKAGE_TARNAME "ode"
| #define PACKAGE_VERSION "0.16.2"
| #define PACKAGE_STRING "ODE 0.16.2"
| #define PACKAGE_BUGREPORT "ode@ode.org"
| #define PACKAGE_URL ""
| #define PACKAGE "ode"
| #define VERSION "0.16.2"
| #define STDC_HEADERS 1
| #define HAVE_SYS_TYPES_H 1
| #define HAVE_SYS_STAT_H 1
| #define HAVE_STDLIB_H 1
| #define HAVE_STRING_H 1
| #define HAVE_MEMORY_H 1
| #define HAVE_STRINGS_H 1
| #define HAVE_INTTYPES_H 1
| #define HAVE_STDINT_H 1
| #define HAVE_UNISTD_H 1
| #define LT_OBJDIR ".libs/"
| #define X86_64_SYSTEM 1
| /* end confdefs.h.  */
| #include <stdio.h>
| #ifdef HAVE_SYS_TYPES_H
| # include <sys/types.h>
| #endif
| #ifdef HAVE_SYS_STAT_H
| # include <sys/stat.h>
| #endif
| #ifdef STDC_HEADERS
| # include <stdlib.h>
| # include <stddef.h>
| #else
| # ifdef HAVE_STDLIB_H
| #  include <stdlib.h>
| # endif
| #endif
| #ifdef HAVE_STRING_H
| # if !defined STDC_HEADERS && defined HAVE_MEMORY_H
| #  include <memory.h>
| # endif
| # include <string.h>
| #endif
| #ifdef HAVE_STRINGS_H
| # include <strings.h>
| #endif
| #ifdef HAVE_INTTYPES_H
| # include <inttypes.h>
| #endif
| #ifdef HAVE_STDINT_H
| # include <stdint.h>
| #endif
| #ifdef HAVE_UNISTD_H
| # include <unistd.h>
| #endif
| #include <alloca.h>
configure:17161: result: no
configure:17161: checking alloca.h presence
configure:17161: gcc -E  conftest.c
conftest.c:23:10: fatal error: alloca.h: No such file or directory
   23 | #include <alloca.h>
      |          ^~~~~~~~~~
compilation terminated.
configure:17161: $? = 1
configure: failed program was:
| /* confdefs.h */
| #define PACKAGE_NAME "ODE"
| #define PACKAGE_TARNAME "ode"
| #define PACKAGE_VERSION "0.16.2"
| #define PACKAGE_STRING "ODE 0.16.2"
| #define PACKAGE_BUGREPORT "ode@ode.org"
| #define PACKAGE_URL ""
| #define PACKAGE "ode"
| #define VERSION "0.16.2"
| #define STDC_HEADERS 1
| #define HAVE_SYS_TYPES_H 1
| #define HAVE_SYS_STAT_H 1
| #define HAVE_STDLIB_H 1
| #define HAVE_STRING_H 1
| #define HAVE_MEMORY_H 1
| #define HAVE_STRINGS_H 1
| #define HAVE_INTTYPES_H 1
| #define HAVE_STDINT_H 1
| #define HAVE_UNISTD_H 1
| #define LT_OBJDIR ".libs/"
| #define X86_64_SYSTEM 1
| /* end confdefs.h.  */
| #include <alloca.h>
configure:17161: result: no
configure:17161: checking for alloca.h
configure:17161: result: no
configure:17161: checking stdio.h usability
configure:17161: gcc -c -g -O2  conftest.c >&5
configure:17161: $? = 0
configure:17161: result: yes
configure:17161: checking stdio.h presence
configure:17161: gcc -E  conftest.c
configure:17161: $? = 0
configure:17161: result: yes
configure:17161: checking for stdio.h
configure:17161: result: yes
configure:17161: checking for inttypes.h
configure:17161: result: yes
configure:17161: checking for stdint.h
configure:17161: result: yes
configure:17161: checking for stdlib.h
configure:17161: result: yes
configure:17161: checking math.h usability
configure:17161: gcc -c -g -O2  conftest.c >&5
configure:17161: $? = 0
configure:17161: result: yes
configure:17161: checking math.h presence
configure:17161: gcc -E  conftest.c
configure:17161: $? = 0
configure:17161: result: yes
configure:17161: checking for math.h
configure:17161: result: yes
configure:17161: checking for string.h
configure:17161: result: yes
configure:17161: checking stdarg.h usability
configure:17161: gcc -c -g -O2  conftest.c >&5
configure:17161: $? = 0
configure:17161: result: yes
configure:17161: checking stdarg.h presence
configure:17161: gcc -E  conftest.c
configure:17161: $? = 0
configure:17161: result: yes
configure:17161: checking for stdarg.h
configure:17161: result: yes
configure:17161: checking malloc.h usability
configure:17161: gcc -c -g -O2  conftest.c >&5
configure:17161: $? = 0
configure:17161: result: yes
configure:17161: checking malloc.h presence
configure:17161: gcc -E  conftest.c
configure:17161: $? = 0
configure:17161: result: yes
configure:17161: checking for malloc.h
configure:17161: result: yes
configure:17161: checking float.h usability
configure:17161: gcc -c -g -O2  conftest.c >&5
configure:17161: $? = 0
configure:17161: result: yes
configure:17161: checking float.h presence
configure:17161: gcc -E  conftest.c
configure:17161: $? = 0
configure:17161: result: yes
configure:17161: checking for float.h
configure:17161: result: yes
configure:17161: checking time.h usability
configure:17161: gcc -c -g -O2  conftest.c >&5
configure:17161: $? = 0
configure:17161: result: yes
configure:17161: checking time.h presence
configure:17161: gcc -E  conftest.c
configure:17161: $? = 0
configure:17161: result: yes
configure:17161: checking for time.h
configure:17161: result: yes
configure:17161: checking sys/time.h usability
configure:17161: gcc -c -g -O2  conftest.c >&5
configure:17161: $? = 0
configure:17161: result: yes
configure:17161: checking sys/time.h presence
configure:17161: gcc -E  conftest.c
configure:17161: $? = 0
configure:17161: result: yes
configure:17161: checking for sys/time.h
configure:17161: result: yes
configure:17161: checking limits.h usability
configure:17161: gcc -c -g -O2  conftest.c >&5
configure:17161: $? = 0
configure:17161: result: yes
configure:17161: checking limits.h presence
configure:17161: gcc -E  conftest.c
configure:17161: $? = 0
configure:17161: result: yes
configure:17161: checking for limits.h
configure:17161: result: yes
configure:17161: checking stddef.h usability
configure:17161: gcc -c -g -O2  conftest.c >&5
configure:17161: $? = 0
configure:17161: result: yes
configure:17161: checking stddef.h presence
configure:17161: gcc -E  conftest.c
configure:17161: $? = 0
configure:17161: result: yes
configure:17161: checking for stddef.h
configure:17161: result: yes
configure:17219: checking if double precision is requested
configure:17228: result: yes
configure:17275: checking which drawstuff lib to build
configure:17277: result: Win32
configure:17365: checking for GL/gl.h
configure:17365: gcc -c -g -O2  conftest.c >&5
configure:17365: $? = 0
configure:17365: result: yes
configure:17365: checking for GL/glu.h
configure:17365: gcc -c -g -O2  conftest.c >&5
configure:17365: $? = 0
configure:17365: result: yes
configure:17365: checking for GL/glext.h
configure:17365: gcc -c -g -O2  conftest.c >&5
configure:17365: $? = 0
configure:17365: result: yes
configure:17390: checking for main in -lGL
configure:17409: gcc -o conftest.exe -g -O2   conftest.c -lGL   >&5
C:/msys64/mingw64/bin/../lib/gcc/x86_64-w64-mingw32/11.2.0/../../../../x86_64-w64-mingw32/bin/ld.exe: cannot find -lGL: No such file or directory
collect2.exe: error: ld returned 1 exit status
configure:17409: $? = 1
configure: failed program was:
| /* confdefs.h */
| #define PACKAGE_NAME "ODE"
| #define PACKAGE_TARNAME "ode"
| #define PACKAGE_VERSION "0.16.2"
| #define PACKAGE_STRING "ODE 0.16.2"
| #define PACKAGE_BUGREPORT "ode@ode.org"
| #define PACKAGE_URL ""
| #define PACKAGE "ode"
| #define VERSION "0.16.2"
| #define STDC_HEADERS 1
| #define HAVE_SYS_TYPES_H 1
| #define HAVE_SYS_STAT_H 1
| #define HAVE_STDLIB_H 1
| #define HAVE_STRING_H 1
| #define HAVE_MEMORY_H 1
| #define HAVE_STRINGS_H 1
| #define HAVE_INTTYPES_H 1
| #define HAVE_STDINT_H 1
| #define HAVE_UNISTD_H 1
| #define LT_OBJDIR ".libs/"
| #define X86_64_SYSTEM 1
| #define HAVE_STDIO_H 1
| #define HAVE_INTTYPES_H 1
| #define HAVE_STDINT_H 1
| #define HAVE_STDLIB_H 1
| #define HAVE_MATH_H 1
| #define HAVE_STRING_H 1
| #define HAVE_STDARG_H 1
| #define HAVE_MALLOC_H 1
| #define HAVE_FLOAT_H 1
| #define HAVE_TIME_H 1
| #define HAVE_SYS_TIME_H 1
| #define HAVE_LIMITS_H 1
| #define HAVE_STDDEF_H 1
| #define HAVE_GL_GL_H 1
| #define HAVE_GL_GLU_H 1
| #define HAVE_GL_GLEXT_H 1
| /* end confdefs.h.  */
| 
| 
| int
| main ()
| {
| return main ();
|   ;
|   return 0;
| }
configure:17418: result: no
configure:17424: checking for main in -lGLU
configure:17443: gcc -o conftest.exe -g -O2   conftest.c -lGLU -lGL  >&5
C:/msys64/mingw64/bin/../lib/gcc/x86_64-w64-mingw32/11.2.0/../../../../x86_64-w64-mingw32/bin/ld.exe: cannot find -lGLU: No such file or directory
C:/msys64/mingw64/bin/../lib/gcc/x86_64-w64-mingw32/11.2.0/../../../../x86_64-w64-mingw32/bin/ld.exe: cannot find -lGL: No such file or directory
collect2.exe: error: ld returned 1 exit status
configure:17443: $? = 1
configure: failed program was:
| /* confdefs.h */
| #define PACKAGE_NAME "ODE"
| #define PACKAGE_TARNAME "ode"
| #define PACKAGE_VERSION "0.16.2"
| #define PACKAGE_STRING "ODE 0.16.2"
| #define PACKAGE_BUGREPORT "ode@ode.org"
| #define PACKAGE_URL ""
| #define PACKAGE "ode"
| #define VERSION "0.16.2"
| #define STDC_HEADERS 1
| #define HAVE_SYS_TYPES_H 1
| #define HAVE_SYS_STAT_H 1
| #define HAVE_STDLIB_H 1
| #define HAVE_STRING_H 1
| #define HAVE_MEMORY_H 1
| #define HAVE_STRINGS_H 1
| #define HAVE_INTTYPES_H 1
| #define HAVE_STDINT_H 1
| #define HAVE_UNISTD_H 1
| #define LT_OBJDIR ".libs/"
| #define X86_64_SYSTEM 1
| #define HAVE_STDIO_H 1
| #define HAVE_INTTYPES_H 1
| #define HAVE_STDINT_H 1
| #define HAVE_STDLIB_H 1
| #define HAVE_MATH_H 1
| #define HAVE_STRING_H 1
| #define HAVE_STDARG_H 1
| #define HAVE_MALLOC_H 1
| #define HAVE_FLOAT_H 1
| #define HAVE_TIME_H 1
| #define HAVE_SYS_TIME_H 1
| #define HAVE_LIMITS_H 1
| #define HAVE_STDDEF_H 1
| #define HAVE_GL_GL_H 1
| #define HAVE_GL_GLU_H 1
| #define HAVE_GL_GLEXT_H 1
| /* end confdefs.h.  */
| 
| 
| int
| main ()
| {
| return main ();
|   ;
|   return 0;
| }
configure:17452: result: no
configure:17458: checking for main in -lopengl32
configure:17477: gcc -o conftest.exe -g -O2   conftest.c -lopengl32   >&5
configure:17477: $? = 0
configure:17486: result: yes
configure:17492: checking for main in -lglu32
configure:17511: gcc -o conftest.exe -g -O2   conftest.c -lglu32 -lopengl32  >&5
configure:17511: $? = 0
configure:17520: result: yes
configure:17566: checking if demos should be built
configure:17582: result: yes
configure:17587: checking for main in -lstdc++
configure:17606: gcc -o conftest.exe -g -O2   conftest.c -lstdc++   >&5
configure:17606: $? = 0
configure:17615: result: yes
configure:17624: checking for main in -lpthread
configure:17643: gcc -o conftest.exe -g -O2   conftest.c -lpthread   >&5
configure:17643: $? = 0
configure:17652: result: yes
configure:17686: checking for gprof
configure:17736: result: no
configure:17741: checking for stdbool.h that conforms to C99
configure:17808: gcc -c -g -O2  conftest.c >&5
configure:17808: $? = 0
configure:17815: result: yes
configure:17817: checking for _Bool
configure:17817: gcc -c -g -O2  conftest.c >&5
configure:17817: $? = 0
configure:17817: gcc -c -g -O2  conftest.c >&5
conftest.c: In function 'main':
conftest.c:75:20: error: expected expression before ')' token
   75 | if (sizeof ((_Bool)))
      |                    ^
configure:17817: $? = 1
configure: failed program was:
| /* confdefs.h */
| #define PACKAGE_NAME "ODE"
| #define PACKAGE_TARNAME "ode"
| #define PACKAGE_VERSION "0.16.2"
| #define PACKAGE_STRING "ODE 0.16.2"
| #define PACKAGE_BUGREPORT "ode@ode.org"
| #define PACKAGE_URL ""
| #define PACKAGE "ode"
| #define VERSION "0.16.2"
| #define STDC_HEADERS 1
| #define HAVE_SYS_TYPES_H 1
| #define HAVE_SYS_STAT_H 1
| #define HAVE_STDLIB_H 1
| #define HAVE_STRING_H 1
| #define HAVE_MEMORY_H 1
| #define HAVE_STRINGS_H 1
| #define HAVE_INTTYPES_H 1
| #define HAVE_STDINT_H 1
| #define HAVE_UNISTD_H 1
| #define LT_OBJDIR ".libs/"
| #define X86_64_SYSTEM 1
| #define HAVE_STDIO_H 1
| #define HAVE_INTTYPES_H 1
| #define HAVE_STDINT_H 1
| #define HAVE_STDLIB_H 1
| #define HAVE_MATH_H 1
| #define HAVE_STRING_H 1
| #define HAVE_STDARG_H 1
| #define HAVE_MALLOC_H 1
| #define HAVE_FLOAT_H 1
| #define HAVE_TIME_H 1
| #define HAVE_SYS_TIME_H 1
| #define HAVE_LIMITS_H 1
| #define HAVE_STDDEF_H 1
| #define HAVE_GL_GL_H 1
| #define HAVE_GL_GLU_H 1
| #define HAVE_GL_GLEXT_H 1
| /* end confdefs.h.  */
| #include <stdio.h>
| #ifdef HAVE_SYS_TYPES_H
| # include <sys/types.h>
| #endif
| #ifdef HAVE_SYS_STAT_H
| # include <sys/stat.h>
| #endif
| #ifdef STDC_HEADERS
| # include <stdlib.h>
| # include <stddef.h>
| #else
| # ifdef HAVE_STDLIB_H
| #  include <stdlib.h>
| # endif
| #endif
| #ifdef HAVE_STRING_H
| # if !defined STDC_HEADERS && defined HAVE_MEMORY_H
| #  include <memory.h>
| # endif
| # include <string.h>
| #endif
| #ifdef HAVE_STRINGS_H
| # include <strings.h>
| #endif
| #ifdef HAVE_INTTYPES_H
| # include <inttypes.h>
| #endif
| #ifdef HAVE_STDINT_H
| # include <stdint.h>
| #endif
| #ifdef HAVE_UNISTD_H
| # include <unistd.h>
| #endif
| int
| main ()
| {
| if (sizeof ((_Bool)))
| 	    return 0;
|   ;
|   return 0;
| }
configure:17817: result: yes
configure:17834: checking for inline
configure:17858: result: inline
configure:17876: checking for int32_t
configure:17876: gcc -c -g -O2  conftest.c >&5
configure:17876: $? = 0
configure:17876: gcc -c -g -O2  conftest.c >&5
conftest.c: In function 'main':
conftest.c:79:67: warning: integer overflow in expression of type 'int' results in '-2147483648' [-Woverflow]
   79 |                  < (int32_t) (((((int32_t) 1 << N) << N) - 1) * 2 + 2))];
      |                                                                   ^
conftest.c:78:12: error: storage size of 'test_array' isn't constant
   78 | static int test_array [1 - 2 * !((int32_t) (((((int32_t) 1 << N) << N) - 1) * 2 + 1)
      |            ^~~~~~~~~~
configure:17876: $? = 1
configure: failed program was:
| /* confdefs.h */
| #define PACKAGE_NAME "ODE"
| #define PACKAGE_TARNAME "ode"
| #define PACKAGE_VERSION "0.16.2"
| #define PACKAGE_STRING "ODE 0.16.2"
| #define PACKAGE_BUGREPORT "ode@ode.org"
| #define PACKAGE_URL ""
| #define PACKAGE "ode"
| #define VERSION "0.16.2"
| #define STDC_HEADERS 1
| #define HAVE_SYS_TYPES_H 1
| #define HAVE_SYS_STAT_H 1
| #define HAVE_STDLIB_H 1
| #define HAVE_STRING_H 1
| #define HAVE_MEMORY_H 1
| #define HAVE_STRINGS_H 1
| #define HAVE_INTTYPES_H 1
| #define HAVE_STDINT_H 1
| #define HAVE_UNISTD_H 1
| #define LT_OBJDIR ".libs/"
| #define X86_64_SYSTEM 1
| #define HAVE_STDIO_H 1
| #define HAVE_INTTYPES_H 1
| #define HAVE_STDINT_H 1
| #define HAVE_STDLIB_H 1
| #define HAVE_MATH_H 1
| #define HAVE_STRING_H 1
| #define HAVE_STDARG_H 1
| #define HAVE_MALLOC_H 1
| #define HAVE_FLOAT_H 1
| #define HAVE_TIME_H 1
| #define HAVE_SYS_TIME_H 1
| #define HAVE_LIMITS_H 1
| #define HAVE_STDDEF_H 1
| #define HAVE_GL_GL_H 1
| #define HAVE_GL_GLU_H 1
| #define HAVE_GL_GLEXT_H 1
| #define HAVE__BOOL 1
| #define HAVE_STDBOOL_H 1
| /* end confdefs.h.  */
| #include <stdio.h>
| #ifdef HAVE_SYS_TYPES_H
| # include <sys/types.h>
| #endif
| #ifdef HAVE_SYS_STAT_H
| # include <sys/stat.h>
| #endif
| #ifdef STDC_HEADERS
| # include <stdlib.h>
| # include <stddef.h>
| #else
| # ifdef HAVE_STDLIB_H
| #  include <stdlib.h>
| # endif
| #endif
| #ifdef HAVE_STRING_H
| # if !defined STDC_HEADERS && defined HAVE_MEMORY_H
| #  include <memory.h>
| # endif
| # include <string.h>
| #endif
| #ifdef HAVE_STRINGS_H
| # include <strings.h>
| #endif
| #ifdef HAVE_INTTYPES_H
| # include <inttypes.h>
| #endif
| #ifdef HAVE_STDINT_H
| # include <stdint.h>
| #endif
| #ifdef HAVE_UNISTD_H
| # include <unistd.h>
| #endif
| 	        enum { N = 32 / 2 - 1 };
| int
| main ()
| {
| static int test_array [1 - 2 * !((int32_t) (((((int32_t) 1 << N) << N) - 1) * 2 + 1)
| 		 < (int32_t) (((((int32_t) 1 << N) << N) - 1) * 2 + 2))];
| test_array [0] = 0;
| return test_array [0];
| 
|   ;
|   return 0;
| }
configure:17876: result: yes
configure:17887: checking for obstacks
configure:17908: gcc -o conftest.exe -g -O2   conftest.c  -lpthread >&5
conftest.c:74:32: fatal error: obstack.h: No such file or directory
   74 |                       #include "obstack.h"
      |                                ^~~~~~~~~~~
compilation terminated.
configure:17908: $? = 1
configure: failed program was:
| /* confdefs.h */
| #define PACKAGE_NAME "ODE"
| #define PACKAGE_TARNAME "ode"
| #define PACKAGE_VERSION "0.16.2"
| #define PACKAGE_STRING "ODE 0.16.2"
| #define PACKAGE_BUGREPORT "ode@ode.org"
| #define PACKAGE_URL ""
| #define PACKAGE "ode"
| #define VERSION "0.16.2"
| #define STDC_HEADERS 1
| #define HAVE_SYS_TYPES_H 1
| #define HAVE_SYS_STAT_H 1
| #define HAVE_STDLIB_H 1
| #define HAVE_STRING_H 1
| #define HAVE_MEMORY_H 1
| #define HAVE_STRINGS_H 1
| #define HAVE_INTTYPES_H 1
| #define HAVE_STDINT_H 1
| #define HAVE_UNISTD_H 1
| #define LT_OBJDIR ".libs/"
| #define X86_64_SYSTEM 1
| #define HAVE_STDIO_H 1
| #define HAVE_INTTYPES_H 1
| #define HAVE_STDINT_H 1
| #define HAVE_STDLIB_H 1
| #define HAVE_MATH_H 1
| #define HAVE_STRING_H 1
| #define HAVE_STDARG_H 1
| #define HAVE_MALLOC_H 1
| #define HAVE_FLOAT_H 1
| #define HAVE_TIME_H 1
| #define HAVE_SYS_TIME_H 1
| #define HAVE_LIMITS_H 1
| #define HAVE_STDDEF_H 1
| #define HAVE_GL_GL_H 1
| #define HAVE_GL_GLU_H 1
| #define HAVE_GL_GLEXT_H 1
| #define HAVE__BOOL 1
| #define HAVE_STDBOOL_H 1
| /* end confdefs.h.  */
| #include <stdio.h>
| #ifdef HAVE_SYS_TYPES_H
| # include <sys/types.h>
| #endif
| #ifdef HAVE_SYS_STAT_H
| # include <sys/stat.h>
| #endif
| #ifdef STDC_HEADERS
| # include <stdlib.h>
| # include <stddef.h>
| #else
| # ifdef HAVE_STDLIB_H
| #  include <stdlib.h>
| # endif
| #endif
| #ifdef HAVE_STRING_H
| # if !defined STDC_HEADERS && defined HAVE_MEMORY_H
| #  include <memory.h>
| # endif
| # include <string.h>
| #endif
| #ifdef HAVE_STRINGS_H
| # include <strings.h>
| #endif
| #ifdef HAVE_INTTYPES_H
| # include <inttypes.h>
| #endif
| #ifdef HAVE_STDINT_H
| # include <stdint.h>
| #endif
| #ifdef HAVE_UNISTD_H
| # include <unistd.h>
| #endif
| 		      #include "obstack.h"
| int
| main ()
| {
| struct obstack mem;
| 		       #define obstack_chunk_alloc malloc
| 		       #define obstack_chunk_free free
| 		       obstack_init (&mem);
| 		       obstack_free (&mem, 0);
|   ;
|   return 0;
| }
configure:17916: result: no
configure:17931: checking for size_t
configure:17931: gcc -c -g -O2  conftest.c >&5
configure:17931: $? = 0
configure:17931: gcc -c -g -O2  conftest.c >&5
conftest.c: In function 'main':
conftest.c:77:21: error: expected expression before ')' token
   77 | if (sizeof ((size_t)))
      |                     ^
configure:17931: $? = 1
configure: failed program was:
| /* confdefs.h */
| #define PACKAGE_NAME "ODE"
| #define PACKAGE_TARNAME "ode"
| #define PACKAGE_VERSION "0.16.2"
| #define PACKAGE_STRING "ODE 0.16.2"
| #define PACKAGE_BUGREPORT "ode@ode.org"
| #define PACKAGE_URL ""
| #define PACKAGE "ode"
| #define VERSION "0.16.2"
| #define STDC_HEADERS 1
| #define HAVE_SYS_TYPES_H 1
| #define HAVE_SYS_STAT_H 1
| #define HAVE_STDLIB_H 1
| #define HAVE_STRING_H 1
| #define HAVE_MEMORY_H 1
| #define HAVE_STRINGS_H 1
| #define HAVE_INTTYPES_H 1
| #define HAVE_STDINT_H 1
| #define HAVE_UNISTD_H 1
| #define LT_OBJDIR ".libs/"
| #define X86_64_SYSTEM 1
| #define HAVE_STDIO_H 1
| #define HAVE_INTTYPES_H 1
| #define HAVE_STDINT_H 1
| #define HAVE_STDLIB_H 1
| #define HAVE_MATH_H 1
| #define HAVE_STRING_H 1
| #define HAVE_STDARG_H 1
| #define HAVE_MALLOC_H 1
| #define HAVE_FLOAT_H 1
| #define HAVE_TIME_H 1
| #define HAVE_SYS_TIME_H 1
| #define HAVE_LIMITS_H 1
| #define HAVE_STDDEF_H 1
| #define HAVE_GL_GL_H 1
| #define HAVE_GL_GLU_H 1
| #define HAVE_GL_GLEXT_H 1
| #define HAVE__BOOL 1
| #define HAVE_STDBOOL_H 1
| /* end confdefs.h.  */
| #include <stdio.h>
| #ifdef HAVE_SYS_TYPES_H
| # include <sys/types.h>
| #endif
| #ifdef HAVE_SYS_STAT_H
| # include <sys/stat.h>
| #endif
| #ifdef STDC_HEADERS
| # include <stdlib.h>
| # include <stddef.h>
| #else
| # ifdef HAVE_STDLIB_H
| #  include <stdlib.h>
| # endif
| #endif
| #ifdef HAVE_STRING_H
| # if !defined STDC_HEADERS && defined HAVE_MEMORY_H
| #  include <memory.h>
| # endif
| # include <string.h>
| #endif
| #ifdef HAVE_STRINGS_H
| # include <strings.h>
| #endif
| #ifdef HAVE_INTTYPES_H
| # include <inttypes.h>
| #endif
| #ifdef HAVE_STDINT_H
| # include <stdint.h>
| #endif
| #ifdef HAVE_UNISTD_H
| # include <unistd.h>
| #endif
| int
| main ()
| {
| if (sizeof ((size_t)))
| 	    return 0;
|   ;
|   return 0;
| }
configure:17931: result: yes
configure:17942: checking for uint32_t
configure:17942: gcc -c -g -O2  conftest.c >&5
configure:17942: $? = 0
configure:17942: result: yes
configure:17957: checking for main in -lm
configure:17976: gcc -o conftest.exe -g -O2   conftest.c -lm   -lpthread >&5
configure:17976: $? = 0
configure:17985: result: yes
configure:17996: checking for main in -lsunmath
configure:18015: gcc -o conftest.exe -g -O2   conftest.c -lsunmath  -lm  -lpthread >&5
C:/msys64/mingw64/bin/../lib/gcc/x86_64-w64-mingw32/11.2.0/../../../../x86_64-w64-mingw32/bin/ld.exe: cannot find -lsunmath: No such file or directory
collect2.exe: error: ld returned 1 exit status
configure:18015: $? = 1
configure: failed program was:
| /* confdefs.h */
| #define PACKAGE_NAME "ODE"
| #define PACKAGE_TARNAME "ode"
| #define PACKAGE_VERSION "0.16.2"
| #define PACKAGE_STRING "ODE 0.16.2"
| #define PACKAGE_BUGREPORT "ode@ode.org"
| #define PACKAGE_URL ""
| #define PACKAGE "ode"
| #define VERSION "0.16.2"
| #define STDC_HEADERS 1
| #define HAVE_SYS_TYPES_H 1
| #define HAVE_SYS_STAT_H 1
| #define HAVE_STDLIB_H 1
| #define HAVE_STRING_H 1
| #define HAVE_MEMORY_H 1
| #define HAVE_STRINGS_H 1
| #define HAVE_INTTYPES_H 1
| #define HAVE_STDINT_H 1
| #define HAVE_UNISTD_H 1
| #define LT_OBJDIR ".libs/"
| #define X86_64_SYSTEM 1
| #define HAVE_STDIO_H 1
| #define HAVE_INTTYPES_H 1
| #define HAVE_STDINT_H 1
| #define HAVE_STDLIB_H 1
| #define HAVE_MATH_H 1
| #define HAVE_STRING_H 1
| #define HAVE_STDARG_H 1
| #define HAVE_MALLOC_H 1
| #define HAVE_FLOAT_H 1
| #define HAVE_TIME_H 1
| #define HAVE_SYS_TIME_H 1
| #define HAVE_LIMITS_H 1
| #define HAVE_STDDEF_H 1
| #define HAVE_GL_GL_H 1
| #define HAVE_GL_GLU_H 1
| #define HAVE_GL_GLEXT_H 1
| #define HAVE__BOOL 1
| #define HAVE_STDBOOL_H 1
| #define HAVE_LIBM 1
| /* end confdefs.h.  */
| 
| 
| int
| main ()
| {
| return main ();
|   ;
|   return 0;
| }
configure:18024: result: no
configure:18035: checking for main in -lrt
configure:18054: gcc -o conftest.exe -g -O2   conftest.c -lrt  -lm  -lpthread >&5
C:/msys64/mingw64/bin/../lib/gcc/x86_64-w64-mingw32/11.2.0/../../../../x86_64-w64-mingw32/bin/ld.exe: cannot find -lrt: No such file or directory
collect2.exe: error: ld returned 1 exit status
configure:18054: $? = 1
configure: failed program was:
| /* confdefs.h */
| #define PACKAGE_NAME "ODE"
| #define PACKAGE_TARNAME "ode"
| #define PACKAGE_VERSION "0.16.2"
| #define PACKAGE_STRING "ODE 0.16.2"
| #define PACKAGE_BUGREPORT "ode@ode.org"
| #define PACKAGE_URL ""
| #define PACKAGE "ode"
| #define VERSION "0.16.2"
| #define STDC_HEADERS 1
| #define HAVE_SYS_TYPES_H 1
| #define HAVE_SYS_STAT_H 1
| #define HAVE_STDLIB_H 1
| #define HAVE_STRING_H 1
| #define HAVE_MEMORY_H 1
| #define HAVE_STRINGS_H 1
| #define HAVE_INTTYPES_H 1
| #define HAVE_STDINT_H 1
| #define HAVE_UNISTD_H 1
| #define LT_OBJDIR ".libs/"
| #define X86_64_SYSTEM 1
| #define HAVE_STDIO_H 1
| #define HAVE_INTTYPES_H 1
| #define HAVE_STDINT_H 1
| #define HAVE_STDLIB_H 1
| #define HAVE_MATH_H 1
| #define HAVE_STRING_H 1
| #define HAVE_STDARG_H 1
| #define HAVE_MALLOC_H 1
| #define HAVE_FLOAT_H 1
| #define HAVE_TIME_H 1
| #define HAVE_SYS_TIME_H 1
| #define HAVE_LIMITS_H 1
| #define HAVE_STDDEF_H 1
| #define HAVE_GL_GL_H 1
| #define HAVE_GL_GLU_H 1
| #define HAVE_GL_GLEXT_H 1
| #define HAVE__BOOL 1
| #define HAVE_STDBOOL_H 1
| #define HAVE_LIBM 1
| /* end confdefs.h.  */
| 
| 
| int
| main ()
| {
| return main ();
|   ;
|   return 0;
| }
configure:18063: result: no
configure:18077: checking for atan2f
configure:18077: gcc -o conftest.exe -g -O2   conftest.c -lm  -lpthread >&5
conftest.c:65:6: warning: conflicting types for built-in function 'atan2f'; expected 'float(float,  float)' [-Wbuiltin-declaration-mismatch]
   65 | char atan2f ();
      |      ^~~~~~
conftest.c:53:1: note: 'atan2f' is declared in header '<math.h>'
   52 | # include <limits.h>
   53 | #else
configure:18077: $? = 0
configure:18077: result: yes
configure:18077: checking for clock_gettime
configure:18077: gcc -o conftest.exe -g -O2   conftest.c -lm  -lpthread >&5
configure:18077: $? = 0
configure:18077: result: yes
configure:18077: checking for copysign
configure:18077: gcc -o conftest.exe -g -O2   conftest.c -lm  -lpthread >&5
conftest.c:67:6: warning: conflicting types for built-in function 'copysign'; expected 'double(double,  double)' [-Wbuiltin-declaration-mismatch]
   67 | char copysign ();
      |      ^~~~~~~~
conftest.c:55:1: note: 'copysign' is declared in header '<math.h>'
   54 | # include <limits.h>
   55 | #else
configure:18077: $? = 0
configure:18077: result: yes
configure:18077: checking for copysignf
configure:18077: gcc -o conftest.exe -g -O2   conftest.c -lm  -lpthread >&5
conftest.c:68:6: warning: conflicting types for built-in function 'copysignf'; expected 'float(float,  float)' [-Wbuiltin-declaration-mismatch]
   68 | char copysignf ();
      |      ^~~~~~~~~
conftest.c:56:1: note: 'copysignf' is declared in header '<math.h>'
   55 | # include <limits.h>
   56 | #else
configure:18077: $? = 0
configure:18077: result: yes
configure:18077: checking for cosf
configure:18077: gcc -o conftest.exe -g -O2   conftest.c -lm  -lpthread >&5
conftest.c:69:6: warning: conflicting types for built-in function 'cosf'; expected 'float(float)' [-Wbuiltin-declaration-mismatch]
   69 | char cosf ();
      |      ^~~~
conftest.c:57:1: note: 'cosf' is declared in header '<math.h>'
   56 | # include <limits.h>
   57 | #else
configure:18077: $? = 0
configure:18077: result: yes
configure:18077: checking for fabsf
configure:18077: gcc -o conftest.exe -g -O2   conftest.c -lm  -lpthread >&5
conftest.c:70:6: warning: conflicting types for built-in function 'fabsf'; expected 'float(float)' [-Wbuiltin-declaration-mismatch]
   70 | char fabsf ();
      |      ^~~~~
conftest.c:58:1: note: 'fabsf' is declared in header '<math.h>'
   57 | # include <limits.h>
   58 | #else
configure:18077: $? = 0
configure:18077: result: yes
configure:18077: checking for floor
configure:18077: gcc -o conftest.exe -g -O2   conftest.c -lm  -lpthread >&5
conftest.c:71:6: warning: conflicting types for built-in function 'floor'; expected 'double(double)' [-Wbuiltin-declaration-mismatch]
   71 | char floor ();
      |      ^~~~~
conftest.c:59:1: note: 'floor' is declared in header '<math.h>'
   58 | # include <limits.h>
   59 | #else
configure:18077: $? = 0
configure:18077: result: yes
configure:18077: checking for fmodf
configure:18077: gcc -o conftest.exe -g -O2   conftest.c -lm  -lpthread >&5
conftest.c:72:6: warning: conflicting types for built-in function 'fmodf'; expected 'float(float,  float)' [-Wbuiltin-declaration-mismatch]
   72 | char fmodf ();
      |      ^~~~~
conftest.c:60:1: note: 'fmodf' is declared in header '<math.h>'
   59 | # include <limits.h>
   60 | #else
configure:18077: $? = 0
configure:18077: result: yes
configure:18077: checking for gettimeofday
configure:18077: gcc -o conftest.exe -g -O2   conftest.c -lm  -lpthread >&5
configure:18077: $? = 0
configure:18077: result: yes
configure:18077: checking for isnan
configure:18077: gcc -o conftest.exe -g -O2   conftest.c -lm  -lpthread >&5
conftest.c:74:6: warning: conflicting types for built-in function 'isnan'; expected 'int()' [-Wbuiltin-declaration-mismatch]
   74 | char isnan ();
      |      ^~~~~
conftest.c:62:1: note: 'isnan' is declared in header '<math.h>'
   61 | # include <limits.h>
   62 | #else
configure:18077: $? = 0
configure:18077: result: yes
configure:18077: checking for _isnan
configure:18077: gcc -o conftest.exe -g -O2   conftest.c -lm  -lpthread >&5
configure:18077: $? = 0
configure:18077: result: yes
configure:18077: checking for __isnan
configure:18077: gcc -o conftest.exe -g -O2   conftest.c -lm  -lpthread >&5
configure:18077: $? = 0
configure:18077: result: yes
configure:18077: checking for isnanf
configure:18077: gcc -o conftest.exe -g -O2   conftest.c -lm  -lpthread >&5
conftest.c:77:6: warning: conflicting types for built-in function 'isnanf'; expected 'int(float)' [-Wbuiltin-declaration-mismatch]
   77 | char isnanf ();
      |      ^~~~~~
configure:18077: $? = 0
configure:18077: result: yes
configure:18077: checking for _isnanf
configure:18077: gcc -o conftest.exe -g -O2   conftest.c -lm  -lpthread >&5
configure:18077: $? = 0
configure:18077: result: yes
configure:18077: checking for __isnanf
configure:18077: gcc -o conftest.exe -g -O2   conftest.c -lm  -lpthread >&5
configure:18077: $? = 0
configure:18077: result: yes
configure:18077: checking for memmove
configure:18077: gcc -o conftest.exe -g -O2   conftest.c -lm  -lpthread >&5
conftest.c:80:6: warning: conflicting types for built-in function 'memmove'; expected 'void *(void *, const void *, long long unsigned int)' [-Wbuiltin-declaration-mismatch]
   80 | char memmove ();
      |      ^~~~~~~
conftest.c:68:1: note: 'memmove' is declared in header '<string.h>'
   67 | # include <limits.h>
   68 | #else
configure:18077: $? = 0
configure:18077: result: yes
configure:18077: checking for memset
configure:18077: gcc -o conftest.exe -g -O2   conftest.c -lm  -lpthread >&5
conftest.c:81:6: warning: conflicting types for built-in function 'memset'; expected 'void *(void *, int,  long long unsigned int)' [-Wbuiltin-declaration-mismatch]
   81 | char memset ();
      |      ^~~~~~
conftest.c:69:1: note: 'memset' is declared in header '<string.h>'
   68 | # include <limits.h>
   69 | #else
configure:18077: $? = 0
configure:18077: result: yes
configure:18077: checking for pthread_attr_setstacklazy
configure:18077: gcc -o conftest.exe -g -O2   conftest.c -lm  -lpthread >&5
C:/msys64/mingw64/bin/../lib/gcc/x86_64-w64-mingw32/11.2.0/../../../../x86_64-w64-mingw32/bin/ld.exe: C:\msys64\tmp\ccEJa8ib.o: in function `main':
E:\Raylib\raylib-4.0.0\rlOde\ode-0.16.2/conftest.c:93: undefined reference to `pthread_attr_setstacklazy'
collect2.exe: error: ld returned 1 exit status
configure:18077: $? = 1
configure: failed program was:
| /* confdefs.h */
| #define PACKAGE_NAME "ODE"
| #define PACKAGE_TARNAME "ode"
| #define PACKAGE_VERSION "0.16.2"
| #define PACKAGE_STRING "ODE 0.16.2"
| #define PACKAGE_BUGREPORT "ode@ode.org"
| #define PACKAGE_URL ""
| #define PACKAGE "ode"
| #define VERSION "0.16.2"
| #define STDC_HEADERS 1
| #define HAVE_SYS_TYPES_H 1
| #define HAVE_SYS_STAT_H 1
| #define HAVE_STDLIB_H 1
| #define HAVE_STRING_H 1
| #define HAVE_MEMORY_H 1
| #define HAVE_STRINGS_H 1
| #define HAVE_INTTYPES_H 1
| #define HAVE_STDINT_H 1
| #define HAVE_UNISTD_H 1
| #define LT_OBJDIR ".libs/"
| #define X86_64_SYSTEM 1
| #define HAVE_STDIO_H 1
| #define HAVE_INTTYPES_H 1
| #define HAVE_STDINT_H 1
| #define HAVE_STDLIB_H 1
| #define HAVE_MATH_H 1
| #define HAVE_STRING_H 1
| #define HAVE_STDARG_H 1
| #define HAVE_MALLOC_H 1
| #define HAVE_FLOAT_H 1
| #define HAVE_TIME_H 1
| #define HAVE_SYS_TIME_H 1
| #define HAVE_LIMITS_H 1
| #define HAVE_STDDEF_H 1
| #define HAVE_GL_GL_H 1
| #define HAVE_GL_GLU_H 1
| #define HAVE_GL_GLEXT_H 1
| #define HAVE__BOOL 1
| #define HAVE_STDBOOL_H 1
| #define HAVE_LIBM 1
| #define HAVE_ATAN2F 1
| #define HAVE_CLOCK_GETTIME 1
| #define HAVE_COPYSIGN 1
| #define HAVE_COPYSIGNF 1
| #define HAVE_COSF 1
| #define HAVE_FABSF 1
| #define HAVE_FLOOR 1
| #define HAVE_FMODF 1
| #define HAVE_GETTIMEOFDAY 1
| #define HAVE_ISNAN 1
| #define HAVE__ISNAN 1
| #define HAVE___ISNAN 1
| #define HAVE_ISNANF 1
| #define HAVE__ISNANF 1
| #define HAVE___ISNANF 1
| #define HAVE_MEMMOVE 1
| #define HAVE_MEMSET 1
| /* end confdefs.h.  */
| /* Define pthread_attr_setstacklazy to an innocuous variant, in case <limits.h> declares pthread_attr_setstacklazy.
|    For example, HP-UX 11i <limits.h> declares gettimeofday.  */
| #define pthread_attr_setstacklazy innocuous_pthread_attr_setstacklazy
| 
| /* System header to define __stub macros and hopefully few prototypes,
|     which can conflict with char pthread_attr_setstacklazy (); below.
|     Prefer <limits.h> to <assert.h> if __STDC__ is defined, since
|     <limits.h> exists even on freestanding compilers.  */
| 
| #ifdef __STDC__
| # include <limits.h>
| #else
| # include <assert.h>
| #endif
| 
| #undef pthread_attr_setstacklazy
| 
| /* Override any GCC internal prototype to avoid an error.
|    Use char because int might match the return type of a GCC
|    builtin and then its argument prototype would still apply.  */
| #ifdef __cplusplus
| extern "C"
| #endif
| char pthread_attr_setstacklazy ();
| /* The GNU C library defines this for functions which it implements
|     to always fail with ENOSYS.  Some functions are actually named
|     something starting with __ and the normal name is an alias.  */
| #if defined __stub_pthread_attr_setstacklazy || defined __stub___pthread_attr_setstacklazy
| choke me
| #endif
| 
| int
| main ()
| {
| return pthread_attr_setstacklazy ();
|   ;
|   return 0;
| }
configure:18077: result: no
configure:18077: checking for pthread_attr_setinheritsched
configure:18077: gcc -o conftest.exe -g -O2   conftest.c -lm  -lpthread >&5
configure:18077: $? = 0
configure:18077: result: yes
configure:18077: checking for pthread_condattr_setclock
configure:18077: gcc -o conftest.exe -g -O2   conftest.c -lm  -lpthread >&5
configure:18077: $? = 0
configure:18077: result: yes
configure:18077: checking for sinf
configure:18077: gcc -o conftest.exe -g -O2   conftest.c -lm  -lpthread >&5
conftest.c:84:6: warning: conflicting types for built-in function 'sinf'; expected 'float(float)' [-Wbuiltin-declaration-mismatch]
   84 | char sinf ();
      |      ^~~~
conftest.c:72:1: note: 'sinf' is declared in header '<math.h>'
   71 | # include <limits.h>
   72 | #else
configure:18077: $? = 0
configure:18077: result: yes
configure:18077: checking for snprintf
configure:18077: gcc -o conftest.exe -g -O2   conftest.c -lm  -lpthread >&5
conftest.c:85:6: warning: conflicting types for built-in function 'snprintf'; expected 'int(char *, long long unsigned int,  const char *, ...)' [-Wbuiltin-declaration-mismatch]
   85 | char snprintf ();
      |      ^~~~~~~~
conftest.c:73:1: note: 'snprintf' is declared in header '<stdio.h>'
   72 | # include <limits.h>
   73 | #else
configure:18077: $? = 0
configure:18077: result: yes
configure:18077: checking for sqrt
configure:18077: gcc -o conftest.exe -g -O2   conftest.c -lm  -lpthread >&5
conftest.c:86:6: warning: conflicting types for built-in function 'sqrt'; expected 'double(double)' [-Wbuiltin-declaration-mismatch]
   86 | char sqrt ();
      |      ^~~~
conftest.c:74:1: note: 'sqrt' is declared in header '<math.h>'
   73 | # include <limits.h>
   74 | #else
configure:18077: $? = 0
configure:18077: result: yes
configure:18077: checking for sqrtf
configure:18077: gcc -o conftest.exe -g -O2   conftest.c -lm  -lpthread >&5
conftest.c:87:6: warning: conflicting types for built-in function 'sqrtf'; expected 'float(float)' [-Wbuiltin-declaration-mismatch]
   87 | char sqrtf ();
      |      ^~~~~
conftest.c:75:1: note: 'sqrtf' is declared in header '<math.h>'
   74 | # include <limits.h>
   75 | #else
configure:18077: $? = 0
configure:18077: result: yes
configure:18077: checking for strchr
configure:18077: gcc -o conftest.exe -g -O2   conftest.c -lm  -lpthread >&5
conftest.c:88:6: warning: conflicting types for built-in function 'strchr'; expected 'char *(const char *, int)' [-Wbuiltin-declaration-mismatch]
   88 | char strchr ();
      |      ^~~~~~
conftest.c:76:1: note: 'strchr' is declared in header '<string.h>'
   75 | # include <limits.h>
   76 | #else
configure:18077: $? = 0
configure:18077: result: yes
configure:18077: checking for strstr
configure:18077: gcc -o conftest.exe -g -O2   conftest.c -lm  -lpthread >&5
conftest.c:89:6: warning: conflicting types for built-in function 'strstr'; expected 'char *(const char *, const char *)' [-Wbuiltin-declaration-mismatch]
   89 | char strstr ();
      |      ^~~~~~
conftest.c:77:1: note: 'strstr' is declared in header '<string.h>'
   76 | # include <limits.h>
   77 | #else
configure:18077: $? = 0
configure:18077: result: yes
configure:18077: checking for vsnprintf
configure:18077: gcc -o conftest.exe -g -O2   conftest.c -lm  -lpthread >&5
conftest.c:90:6: warning: conflicting types for built-in function 'vsnprintf'; expected 'int(char *, long long unsigned int,  const char *, char *)' [-Wbuiltin-declaration-mismatch]
   90 | char vsnprintf ();
      |      ^~~~~~~~~
conftest.c:78:1: note: 'vsnprintf' is declared in header '<stdio.h>'
   77 | # include <limits.h>
   78 | #else
configure:18077: $? = 0
configure:18077: result: yes
configure:18088: checking for working alloca.h
configure:18105: gcc -o conftest.exe -g -O2   conftest.c -lm  -lpthread >&5
conftest.c:68:10: fatal error: alloca.h: No such file or directory
   68 | #include <alloca.h>
      |          ^~~~~~~~~~
compilation terminated.
configure:18105: $? = 1
configure: failed program was:
| /* confdefs.h */
| #define PACKAGE_NAME "ODE"
| #define PACKAGE_TARNAME "ode"
| #define PACKAGE_VERSION "0.16.2"
| #define PACKAGE_STRING "ODE 0.16.2"
| #define PACKAGE_BUGREPORT "ode@ode.org"
| #define PACKAGE_URL ""
| #define PACKAGE "ode"
| #define VERSION "0.16.2"
| #define STDC_HEADERS 1
| #define HAVE_SYS_TYPES_H 1
| #define HAVE_SYS_STAT_H 1
| #define HAVE_STDLIB_H 1
| #define HAVE_STRING_H 1
| #define HAVE_MEMORY_H 1
| #define HAVE_STRINGS_H 1
| #define HAVE_INTTYPES_H 1
| #define HAVE_STDINT_H 1
| #define HAVE_UNISTD_H 1
| #define LT_OBJDIR ".libs/"
| #define X86_64_SYSTEM 1
| #define HAVE_STDIO_H 1
| #define HAVE_INTTYPES_H 1
| #define HAVE_STDINT_H 1
| #define HAVE_STDLIB_H 1
| #define HAVE_MATH_H 1
| #define HAVE_STRING_H 1
| #define HAVE_STDARG_H 1
| #define HAVE_MALLOC_H 1
| #define HAVE_FLOAT_H 1
| #define HAVE_TIME_H 1
| #define HAVE_SYS_TIME_H 1
| #define HAVE_LIMITS_H 1
| #define HAVE_STDDEF_H 1
| #define HAVE_GL_GL_H 1
| #define HAVE_GL_GLU_H 1
| #define HAVE_GL_GLEXT_H 1
| #define HAVE__BOOL 1
| #define HAVE_STDBOOL_H 1
| #define HAVE_LIBM 1
| #define HAVE_ATAN2F 1
| #define HAVE_CLOCK_GETTIME 1
| #define HAVE_COPYSIGN 1
| #define HAVE_COPYSIGNF 1
| #define HAVE_COSF 1
| #define HAVE_FABSF 1
| #define HAVE_FLOOR 1
| #define HAVE_FMODF 1
| #define HAVE_GETTIMEOFDAY 1
| #define HAVE_ISNAN 1
| #define HAVE__ISNAN 1
| #define HAVE___ISNAN 1
| #define HAVE_ISNANF 1
| #define HAVE__ISNANF 1
| #define HAVE___ISNANF 1
| #define HAVE_MEMMOVE 1
| #define HAVE_MEMSET 1
| #define HAVE_PTHREAD_ATTR_SETINHERITSCHED 1
| #define HAVE_PTHREAD_CONDATTR_SETCLOCK 1
| #define HAVE_SINF 1
| #define HAVE_SNPRINTF 1
| #define HAVE_SQRT 1
| #define HAVE_SQRTF 1
| #define HAVE_STRCHR 1
| #define HAVE_STRSTR 1
| #define HAVE_VSNPRINTF 1
| /* end confdefs.h.  */
| #include <alloca.h>
| int
| main ()
| {
| char *p = (char *) alloca (2 * sizeof (int));
| 			  if (p) return 0;
|   ;
|   return 0;
| }
configure:18113: result: no
configure:18121: checking for alloca
configure:18158: gcc -o conftest.exe -g -O2   conftest.c -lm  -lpthread >&5
configure:18158: $? = 0
configure:18166: result: yes
configure:18273: checking for pthread_condattr_setclock
configure:18273: result: yes
configure:18282: checking for no_pthread_condattr_setclock
configure:18282: gcc -o conftest.exe -g -O2   conftest.c -lm  -lpthread >&5
C:/msys64/mingw64/bin/../lib/gcc/x86_64-w64-mingw32/11.2.0/../../../../x86_64-w64-mingw32/bin/ld.exe: C:\msys64\tmp\ccI23t2e.o: in function `main':
E:\Raylib\raylib-4.0.0\rlOde\ode-0.16.2/conftest.c:103: undefined reference to `no_pthread_condattr_setclock'
collect2.exe: error: ld returned 1 exit status
configure:18282: $? = 1
configure: failed program was:
| /* confdefs.h */
| #define PACKAGE_NAME "ODE"
| #define PACKAGE_TARNAME "ode"
| #define PACKAGE_VERSION "0.16.2"
| #define PACKAGE_STRING "ODE 0.16.2"
| #define PACKAGE_BUGREPORT "ode@ode.org"
| #define PACKAGE_URL ""
| #define PACKAGE "ode"
| #define VERSION "0.16.2"
| #define STDC_HEADERS 1
| #define HAVE_SYS_TYPES_H 1
| #define HAVE_SYS_STAT_H 1
| #define HAVE_STDLIB_H 1
| #define HAVE_STRING_H 1
| #define HAVE_MEMORY_H 1
| #define HAVE_STRINGS_H 1
| #define HAVE_INTTYPES_H 1
| #define HAVE_STDINT_H 1
| #define HAVE_UNISTD_H 1
| #define LT_OBJDIR ".libs/"
| #define X86_64_SYSTEM 1
| #define HAVE_STDIO_H 1
| #define HAVE_INTTYPES_H 1
| #define HAVE_STDINT_H 1
| #define HAVE_STDLIB_H 1
| #define HAVE_MATH_H 1
| #define HAVE_STRING_H 1
| #define HAVE_STDARG_H 1
| #define HAVE_MALLOC_H 1
| #define HAVE_FLOAT_H 1
| #define HAVE_TIME_H 1
| #define HAVE_SYS_TIME_H 1
| #define HAVE_LIMITS_H 1
| #define HAVE_STDDEF_H 1
| #define HAVE_GL_GL_H 1
| #define HAVE_GL_GLU_H 1
| #define HAVE_GL_GLEXT_H 1
| #define HAVE__BOOL 1
| #define HAVE_STDBOOL_H 1
| #define HAVE_LIBM 1
| #define HAVE_ATAN2F 1
| #define HAVE_CLOCK_GETTIME 1
| #define HAVE_COPYSIGN 1
| #define HAVE_COPYSIGNF 1
| #define HAVE_COSF 1
| #define HAVE_FABSF 1
| #define HAVE_FLOOR 1
| #define HAVE_FMODF 1
| #define HAVE_GETTIMEOFDAY 1
| #define HAVE_ISNAN 1
| #define HAVE__ISNAN 1
| #define HAVE___ISNAN 1
| #define HAVE_ISNANF 1
| #define HAVE__ISNANF 1
| #define HAVE___ISNANF 1
| #define HAVE_MEMMOVE 1
| #define HAVE_MEMSET 1
| #define HAVE_PTHREAD_ATTR_SETINHERITSCHED 1
| #define HAVE_PTHREAD_CONDATTR_SETCLOCK 1
| #define HAVE_SINF 1
| #define HAVE_SNPRINTF 1
| #define HAVE_SQRT 1
| #define HAVE_SQRTF 1
| #define HAVE_STRCHR 1
| #define HAVE_STRSTR 1
| #define HAVE_VSNPRINTF 1
| #define HAVE_ALLOCA 1
| /* end confdefs.h.  */
| /* Define no_pthread_condattr_setclock to an innocuous variant, in case <limits.h> declares no_pthread_condattr_setclock.
|    For example, HP-UX 11i <limits.h> declares gettimeofday.  */
| #define no_pthread_condattr_setclock innocuous_no_pthread_condattr_setclock
| 
| /* System header to define __stub macros and hopefully few prototypes,
|     which can conflict with char no_pthread_condattr_setclock (); below.
|     Prefer <limits.h> to <assert.h> if __STDC__ is defined, since
|     <limits.h> exists even on freestanding compilers.  */
| 
| #ifdef __STDC__
| # include <limits.h>
| #else
| # include <assert.h>
| #endif
| 
| #undef no_pthread_condattr_setclock
| 
| /* Override any GCC internal prototype to avoid an error.
|    Use char because int might match the return type of a GCC
|    builtin and then its argument prototype would still apply.  */
| #ifdef __cplusplus
| extern "C"
| #endif
| char no_pthread_condattr_setclock ();
| /* The GNU C library defines this for functions which it implements
|     to always fail with ENOSYS.  Some functions are actually named
|     something starting with __ and the normal name is an alias.  */
| #if defined __stub_no_pthread_condattr_setclock || defined __stub___no_pthread_condattr_setclock
| choke me
| #endif
| 
| int
| main ()
| {
| return no_pthread_condattr_setclock ();
|   ;
|   return 0;
| }
configure:18282: result: no
configure:18564: checking for CCD
configure:18571: $PKG_CONFIG --exists --print-errors "ccd"
Package ccd was not found in the pkg-config search path.
Perhaps you should add the directory containing `ccd.pc'
to the PKG_CONFIG_PATH environment variable
Package 'ccd', required by 'virtual:world', not found
configure:18574: $? = 1
configure:18587: $PKG_CONFIG --exists --print-errors "ccd"
Package ccd was not found in the pkg-config search path.
Perhaps you should add the directory containing `ccd.pc'
to the PKG_CONFIG_PATH environment variable
Package 'ccd', required by 'virtual:world', not found
configure:18590: $? = 1
configure:18603: result: no
Package 'ccd', required by 'virtual:world', not found
configure:18840: checking that generated files are newer than configure
configure:18846: result: done
configure:18958: creating ./config.status

## ---------------------- ##
## Running config.status. ##
## ---------------------- ##

This file was extended by ODE config.status 0.16.2, which was
generated by GNU Autoconf 2.69.  Invocation command line was

  CONFIG_FILES    = 
  CONFIG_HEADERS  = 
  CONFIG_LINKS    = 
  CONFIG_COMMANDS = 
  $ ./config.status 

on DESKTOP-SJA57FF

config.status:1309: creating Makefile
config.status:1309: creating drawstuff/Makefile
config.status:1309: creating drawstuff/src/Makefile
config.status:1309: creating drawstuff/dstest/Makefile
config.status:1309: creating include/Makefile
config.status:1309: creating include/drawstuff/Makefile
config.status:1309: creating include/ode/Makefile
config.status:1309: creating include/ode/version.h
config.status:1309: creating include/ode/precision.h
config.status:1309: creating ode/Makefile
config.status:1309: creating ode/doc/Doxyfile
config.status:1309: creating ode/doc/Makefile
config.status:1309: creating ode/src/Makefile
config.status:1309: creating ode/src/joints/Makefile
config.status:1309: creating ode/demo/Makefile
config.status:1309: creating OPCODE/Makefile
config.status:1309: creating OPCODE/Ice/Makefile
config.status:1309: creating GIMPACT/Makefile
config.status:1309: creating GIMPACT/include/Makefile
config.status:1309: creating GIMPACT/include/GIMPACT/Makefile
config.status:1309: creating GIMPACT/src/Makefile
config.status:1309: creating tests/Makefile
config.status:1309: creating tests/joints/Makefile
config.status:1309: creating tests/UnitTest++/Makefile
config.status:1309: creating tests/UnitTest++/src/Makefile
config.status:1309: creating tests/UnitTest++/src/Posix/Makefile
config.status:1309: creating tests/UnitTest++/src/Win32/Makefile
config.status:1309: creating ode-config
config.status:1309: creating ode.pc
config.status:1309: creating ode/src/config.h
config.status:1538: executing depfiles commands
config.status:1538: executing libtool commands
configure:21467: === configuring in ou (/e/Raylib/raylib-4.0.0/rlOde/ode-0.16.2/ou)
configure:21530: running /bin/sh ./configure --disable-option-checking '--prefix=/mingw64'  '--enable-double-precision' '--enable-ou' '--enable-libccd' '--with-box-cylinder=libccd--with-libccd=internal' 'PKG_CONFIG_PATH=/mingw64/lib/pkgconfig:/mingw64/share/pkgconfig' --cache-file=/dev/null --srcdir=.
configure:21467: === configuring in libccd (/e/Raylib/raylib-4.0.0/rlOde/ode-0.16.2/libccd)
configure:21530: running /bin/sh ./configure --disable-option-checking '--prefix=/mingw64'  '--enable-double-precision' '--enable-ou' '--enable-libccd' '--with-box-cylinder=libccd--with-libccd=internal' 'PKG_CONFIG_PATH=/mingw64/lib/pkgconfig:/mingw64/share/pkgconfig' --cache-file=/dev/null --srcdir=.

## ---------------- ##
## Cache variables. ##
## ---------------- ##

ac_cv_build=x86_64-w64-mingw32
ac_cv_c_bigendian=no
ac_cv_c_compiler_gnu=yes
ac_cv_c_inline=inline
ac_cv_c_int32_t=yes
ac_cv_c_uint32_t=yes
ac_cv_c_volatile=yes
ac_cv_cxx_compiler_gnu=yes
ac_cv_env_CCC_set=
ac_cv_env_CCC_value=
ac_cv_env_CCD_CFLAGS_set=
ac_cv_env_CCD_CFLAGS_value=
ac_cv_env_CCD_LIBS_set=
ac_cv_env_CCD_LIBS_value=
ac_cv_env_CC_set=
ac_cv_env_CC_value=
ac_cv_env_CFLAGS_set=
ac_cv_env_CFLAGS_value=
ac_cv_env_CPPFLAGS_set=
ac_cv_env_CPPFLAGS_value=
ac_cv_env_CPP_set=
ac_cv_env_CPP_value=
ac_cv_env_CXXCPP_set=
ac_cv_env_CXXCPP_value=
ac_cv_env_CXXFLAGS_set=
ac_cv_env_CXXFLAGS_value=
ac_cv_env_CXX_set=
ac_cv_env_CXX_value=
ac_cv_env_DOXYGEN_set=
ac_cv_env_DOXYGEN_value=
ac_cv_env_LDFLAGS_set=
ac_cv_env_LDFLAGS_value=
ac_cv_env_LIBS_set=
ac_cv_env_LIBS_value=
ac_cv_env_LT_SYS_LIBRARY_PATH_set=
ac_cv_env_LT_SYS_LIBRARY_PATH_value=
ac_cv_env_PKG_CONFIG_LIBDIR_set=
ac_cv_env_PKG_CONFIG_LIBDIR_value=
ac_cv_env_PKG_CONFIG_PATH_set=set
ac_cv_env_PKG_CONFIG_PATH_value=/mingw64/lib/pkgconfig:/mingw64/share/pkgconfig
ac_cv_env_PKG_CONFIG_set=
ac_cv_env_PKG_CONFIG_value=
ac_cv_env_X11_CFLAGS_set=
ac_cv_env_X11_CFLAGS_value=
ac_cv_env_X11_LIBS_set=
ac_cv_env_X11_LIBS_value=
ac_cv_env_build_alias_set=
ac_cv_env_build_alias_value=
ac_cv_env_host_alias_set=
ac_cv_env_host_alias_value=
ac_cv_env_target_alias_set=
ac_cv_env_target_alias_value=
ac_cv_exeext=.exe
ac_cv_func___isnan=yes
ac_cv_func___isnanf=yes
ac_cv_func__isnan=yes
ac_cv_func__isnanf=yes
ac_cv_func_alloca_works=yes
ac_cv_func_atan2f=yes
ac_cv_func_clock_gettime=yes
ac_cv_func_copysign=yes
ac_cv_func_copysignf=yes
ac_cv_func_cosf=yes
ac_cv_func_fabsf=yes
ac_cv_func_floor=yes
ac_cv_func_fmodf=yes
ac_cv_func_gettimeofday=yes
ac_cv_func_isnan=yes
ac_cv_func_isnanf=yes
ac_cv_func_memmove=yes
ac_cv_func_memset=yes
ac_cv_func_no_pthread_condattr_setclock=no
ac_cv_func_obstack=no
ac_cv_func_pthread_attr_setinheritsched=yes
ac_cv_func_pthread_attr_setstacklazy=no
ac_cv_func_pthread_condattr_setclock=yes
ac_cv_func_sinf=yes
ac_cv_func_snprintf=yes
ac_cv_func_sqrt=yes
ac_cv_func_sqrtf=yes
ac_cv_func_strchr=yes
ac_cv_func_strstr=yes
ac_cv_func_vsnprintf=yes
ac_cv_header_GL_gl_h=yes
ac_cv_header_GL_glext_h=yes
ac_cv_header_GL_glu_h=yes
ac_cv_header_alloca_h=no
ac_cv_header_dlfcn_h=no
ac_cv_header_float_h=yes
ac_cv_header_inttypes_h=yes
ac_cv_header_limits_h=yes
ac_cv_header_malloc_h=yes
ac_cv_header_math_h=yes
ac_cv_header_memory_h=yes
ac_cv_header_stdarg_h=yes
ac_cv_header_stdbool_h=yes
ac_cv_header_stdc=yes
ac_cv_header_stddef_h=yes
ac_cv_header_stdint_h=yes
ac_cv_header_stdio_h=yes
ac_cv_header_stdlib_h=yes
ac_cv_header_string_h=yes
ac_cv_header_strings_h=yes
ac_cv_header_sys_stat_h=yes
ac_cv_header_sys_time_h=yes
ac_cv_header_sys_types_h=yes
ac_cv_header_time_h=yes
ac_cv_header_unistd_h=yes
ac_cv_host=x86_64-w64-mingw32
ac_cv_lib_GLU_main=no
ac_cv_lib_GL_main=no
ac_cv_lib_glu32_main=yes
ac_cv_lib_m_main=yes
ac_cv_lib_opengl32_main=yes
ac_cv_lib_pthread_main=yes
ac_cv_lib_rt_main=no
ac_cv_lib_stdcpp_main=yes
ac_cv_lib_sunmath_main=no
ac_cv_objext=o
ac_cv_path_EGREP='/usr/bin/grep -E'
ac_cv_path_FGREP='/usr/bin/grep -F'
ac_cv_path_GREP=/usr/bin/grep
ac_cv_path_SED=/usr/bin/sed
ac_cv_path_ac_pt_PKG_CONFIG=/mingw64/bin/pkg-config
ac_cv_path_install='/usr/bin/install -c'
ac_cv_path_lt_DD=/usr/bin/dd
ac_cv_path_mkdir=/usr/bin/mkdir
ac_cv_prog_AWK=gawk
ac_cv_prog_CPP='gcc -E'
ac_cv_prog_CXXCPP='g++ -E'
ac_cv_prog_ac_ct_AR=ar
ac_cv_prog_ac_ct_AS=as
ac_cv_prog_ac_ct_CC=gcc
ac_cv_prog_ac_ct_CXX=g++
ac_cv_prog_ac_ct_DLLTOOL=dlltool
ac_cv_prog_ac_ct_OBJDUMP=objdump
ac_cv_prog_ac_ct_RANLIB=ranlib
ac_cv_prog_ac_ct_STRIP=strip
ac_cv_prog_ac_ct_WINDRES=windres
ac_cv_prog_cc_c89=
ac_cv_prog_cc_g=yes
ac_cv_prog_cxx_g=yes
ac_cv_prog_make_make_set=yes
ac_cv_type__Bool=yes
ac_cv_type_size_t=yes
ac_cv_working_alloca_h=no
am_cv_CC_dependencies_compiler_type=gcc3
am_cv_CXX_dependencies_compiler_type=gcc3
am_cv_make_support_nested_variables=yes
am_cv_prog_cc_c_o=yes
lt_cv_ar_at_file=@
lt_cv_deplibs_check_method='file_magic ^x86 archive import|^x86 DLL'
lt_cv_file_magic_cmd=func_win32_libid
lt_cv_file_magic_test_file=
lt_cv_ld_reload_flag=-r
lt_cv_nm_interface='BSD nm'
lt_cv_objdir=.libs
lt_cv_path_LD=C:/msys64/mingw64/x86_64-w64-mingw32/bin/ld.exe
lt_cv_path_LDCXX=C:/msys64/mingw64/x86_64-w64-mingw32/bin/ld.exe
lt_cv_path_NM='/mingw64/bin/nm -B'
lt_cv_path_mainfest_tool=no
lt_cv_prog_compiler_c_o=yes
lt_cv_prog_compiler_c_o_CXX=yes
lt_cv_prog_compiler_pic='-DDLL_EXPORT -DPIC'
lt_cv_prog_compiler_pic_CXX='-DDLL_EXPORT -DPIC'
lt_cv_prog_compiler_pic_works=yes
lt_cv_prog_compiler_pic_works_CXX=yes
lt_cv_prog_compiler_rtti_exceptions=no
lt_cv_prog_compiler_static_works=yes
lt_cv_prog_compiler_static_works_CXX=yes
lt_cv_prog_gnu_ld=yes
lt_cv_prog_gnu_ldcxx=yes
lt_cv_sharedlib_from_linklib_cmd=func_cygming_dll_for_implib
lt_cv_sys_global_symbol_pipe='sed -n -e '\''s/^.*[	 ]\([ABCDGIRSTW][ABCDGIRSTW]*\)[	 ][	 ]*\([_A-Za-z][_A-Za-z0-9]*\)\{0,1\}$/\1 \2 \2/p'\'' | sed '\''/ __gnu_lto/d'\'''
lt_cv_sys_global_symbol_to_c_name_address='sed -n -e '\''s/^: \(.*\) .*$/  {"\1", (void *) 0},/p'\'' -e '\''s/^[ABCDGIRSTW][ABCDGIRSTW]* .* \(.*\)$/  {"\1", (void *) \&\1},/p'\'''
lt_cv_sys_global_symbol_to_c_name_address_lib_prefix='sed -n -e '\''s/^: \(.*\) .*$/  {"\1", (void *) 0},/p'\'' -e '\''s/^[ABCDGIRSTW][ABCDGIRSTW]* .* \(lib.*\)$/  {"\1", (void *) \&\1},/p'\'' -e '\''s/^[ABCDGIRSTW][ABCDGIRSTW]* .* \(.*\)$/  {"lib\1", (void *) \&\1},/p'\'''
lt_cv_sys_global_symbol_to_cdecl='sed -n -e '\''s/^T .* \(.*\)$/extern int \1();/p'\'' -e '\''s/^[ABCDGIRSTW][ABCDGIRSTW]* .* \(.*\)$/extern char \1;/p'\'''
lt_cv_sys_global_symbol_to_import=
lt_cv_sys_max_cmd_len=8192
lt_cv_to_host_file_cmd=func_convert_file_msys_to_w32
lt_cv_to_tool_file_cmd=func_convert_file_msys_to_w32
lt_cv_truncate_bin='/usr/bin/dd bs=4096 count=1'

## ----------------- ##
## Output variables. ##
## ----------------- ##

ACLOCAL='${SHELL} /e/Raylib/raylib-4.0.0/rlOde/ode-0.16.2/missing aclocal-1.15'
ALLOCA=''
AMDEPBACKSLASH='\'
AMDEP_FALSE='#'
AMDEP_TRUE=''
AMTAR='$${TAR-tar}'
AM_BACKSLASH='\'
AM_DEFAULT_V='$(AM_DEFAULT_VERBOSITY)'
AM_DEFAULT_VERBOSITY='1'
AM_V='$(V)'
AR='ar'
AS='as'
AUTOCONF='${SHELL} /e/Raylib/raylib-4.0.0/rlOde/ode-0.16.2/missing autoconf'
AUTOHEADER='${SHELL} /e/Raylib/raylib-4.0.0/rlOde/ode-0.16.2/missing autoheader'
AUTOMAKE='${SHELL} /e/Raylib/raylib-4.0.0/rlOde/ode-0.16.2/missing automake-1.15'
AWK='gawk'
CC='gcc'
CCDEPMODE='depmode=gcc3'
CCD_CFLAGS=''
CCD_LIBS=''
CFLAGS='-g -O2'
CPP='gcc -E'
CPPFLAGS=''
CXX='g++'
CXXCPP='g++ -E'
CXXDEPMODE='depmode=gcc3'
CXXFLAGS='-g -O2'
CYGPATH_W='cygpath -w'
DEFS='-DHAVE_CONFIG_H'
DEPDIR='.deps'
DLLTOOL='dlltool'
DOXYGEN=''
DSYMUTIL=''
DUMPBIN=''
ECHO_C=''
ECHO_N='-n'
ECHO_T=''
EGREP='/usr/bin/grep -E'
ENABLE_DEMOS_FALSE='#'
ENABLE_DEMOS_TRUE=''
ENABLE_DRAWSTUFF_FALSE='#'
ENABLE_DRAWSTUFF_TRUE=''
ENABLE_OU_FALSE='#'
ENABLE_OU_TRUE=''
EXEEXT='.exe'
EXTRA_LIBTOOL_LDFLAGS='-no-undefined'
FGREP='/usr/bin/grep -F'
GIMPACT_FALSE=''
GIMPACT_TRUE='#'
GL_LIBS='-lglu32 -lopengl32'
GREP='/usr/bin/grep'
HAVE_DOXYGEN_FALSE=''
HAVE_DOXYGEN_TRUE='#'
INSTALL_DATA='${INSTALL} -m 644'
INSTALL_PROGRAM='${INSTALL}'
INSTALL_SCRIPT='${INSTALL}'
INSTALL_STRIP_PROGRAM='$(install_sh) -c -s'
LD='C:/msys64/mingw64/x86_64-w64-mingw32/bin/ld.exe'
LDFLAGS=''
LIBCCD_BOX_CYL_FALSE=''
LIBCCD_BOX_CYL_TRUE='#'
LIBCCD_CAP_CYL_FALSE='#'
LIBCCD_CAP_CYL_TRUE=''
LIBCCD_CONVEX_BOX_FALSE='#'
LIBCCD_CONVEX_BOX_TRUE=''
LIBCCD_CONVEX_CAP_FALSE='#'
LIBCCD_CONVEX_CAP_TRUE=''
LIBCCD_CONVEX_CONVEX_FALSE='#'
LIBCCD_CONVEX_CONVEX_TRUE=''
LIBCCD_CONVEX_CYL_FALSE='#'
LIBCCD_CONVEX_CYL_TRUE=''
LIBCCD_CONVEX_SPHERE_FALSE='#'
LIBCCD_CONVEX_SPHERE_TRUE=''
LIBCCD_CYL_CYL_FALSE='#'
LIBCCD_CYL_CYL_TRUE=''
LIBCCD_FALSE='#'
LIBCCD_INTERNAL_FALSE='#'
LIBCCD_INTERNAL_TRUE=''
LIBCCD_TRUE=''
LIBOBJS=' ${LIBOBJDIR}obstack$U.o'
LIBS='-lm  -lpthread'
LIBSTDCXX='-lstdc++'
LIBTOOL='$(SHELL) $(top_builddir)/libtool'
LIPO=''
LN_S='cp -pR'
LTLIBOBJS=' ${LIBOBJDIR}obstack$U.lo'
LT_SYS_LIBRARY_PATH=''
MAKEINFO='${SHELL} /e/Raylib/raylib-4.0.0/rlOde/ode-0.16.2/missing makeinfo'
MANIFEST_TOOL=':'
MKDIR_P='/usr/bin/mkdir -p'
NM='/mingw64/bin/nm -B'
NMEDIT=''
OBJDUMP='objdump'
OBJEXT='o'
ODE_PRECISION='dDOUBLE'
ODE_VERSION='0.16.2'
ODE_VERSION_INFO='-version-info 8:2:0'
OPCODE_FALSE='#'
OPCODE_TRUE=''
OSX_FALSE=''
OSX_TRUE='#'
OTOOL64=''
OTOOL=''
PACKAGE='ode'
PACKAGE_BUGREPORT='ode@ode.org'
PACKAGE_NAME='ODE'
PACKAGE_STRING='ODE 0.16.2'
PACKAGE_TARNAME='ode'
PACKAGE_URL=''
PACKAGE_VERSION='0.16.2'
PATH_SEPARATOR=':'
PKG_CONFIG='/mingw64/bin/pkg-config'
PKG_CONFIG_LIBDIR=''
PKG_CONFIG_PATH='/mingw64/lib/pkgconfig:/mingw64/share/pkgconfig'
RANLIB='ranlib'
SED='/usr/bin/sed'
SET_MAKE=''
SHELL='/bin/sh'
STRIP='strip'
TRIMESH_FALSE='#'
TRIMESH_TRUE=''
VERSION='0.16.2'
WIN32_FALSE='#'
WIN32_TRUE=''
WINDRES='windres'
X11_CFLAGS=''
X11_FALSE=''
X11_LIBS=''
X11_TRUE='#'
X86_64_SYSTEM_FALSE='#'
X86_64_SYSTEM_TRUE=''
ac_ct_AR='ar'
ac_ct_CC='gcc'
ac_ct_CXX='g++'
ac_ct_DUMPBIN=''
ac_ct_WINDRES='windres'
am__EXEEXT_FALSE='#'
am__EXEEXT_TRUE=''
am__fastdepCC_FALSE='#'
am__fastdepCC_TRUE=''
am__fastdepCXX_FALSE='#'
am__fastdepCXX_TRUE=''
am__include='include'
am__isrc=''
am__leading_dot='.'
am__nodep='_no'
am__quote=''
am__tar='$${TAR-tar} chof - "$$tardir"'
am__untar='$${TAR-tar} xf -'
bindir='${exec_prefix}/bin'
build='x86_64-w64-mingw32'
build_alias='x86_64-w64-mingw32'
build_cpu='x86_64'
build_os='mingw32'
build_vendor='w64'
datadir='${datarootdir}'
datarootdir='${prefix}/share'
docdir='${datarootdir}/doc/${PACKAGE_TARNAME}'
dvidir='${docdir}'
exec_prefix='${prefix}'
host='x86_64-w64-mingw32'
host_alias=''
host_cpu='x86_64'
host_os='mingw32'
host_vendor='w64'
htmldir='${docdir}'
includedir='${prefix}/include'
infodir='${datarootdir}/info'
install_sh='${SHELL} /e/Raylib/raylib-4.0.0/rlOde/ode-0.16.2/install-sh'
libdir='${exec_prefix}/lib'
libexecdir='${exec_prefix}/libexec'
localedir='${datarootdir}/locale'
localstatedir='${prefix}/var'
mandir='${datarootdir}/man'
mkdir_p='$(MKDIR_P)'
oldincludedir='/usr/include'
pdfdir='${docdir}'
prefix='/mingw64'
program_transform_name='s,x,x,'
psdir='${docdir}'
runstatedir='${localstatedir}/run'
sbindir='${exec_prefix}/sbin'
sharedstatedir='${prefix}/com'
subdirs=' ou libccd'
sysconfdir='${prefix}/etc'
target_alias=''

## ----------- ##
## confdefs.h. ##
## ----------- ##

/* confdefs.h */
#define PACKAGE_NAME "ODE"
#define PACKAGE_TARNAME "ode"
#define PACKAGE_VERSION "0.16.2"
#define PACKAGE_STRING "ODE 0.16.2"
#define PACKAGE_BUGREPORT "ode@ode.org"
#define PACKAGE_URL ""
#define PACKAGE "ode"
#define VERSION "0.16.2"
#define STDC_HEADERS 1
#define HAVE_SYS_TYPES_H 1
#define HAVE_SYS_STAT_H 1
#define HAVE_STDLIB_H 1
#define HAVE_STRING_H 1
#define HAVE_MEMORY_H 1
#define HAVE_STRINGS_H 1
#define HAVE_INTTYPES_H 1
#define HAVE_STDINT_H 1
#define HAVE_UNISTD_H 1
#define LT_OBJDIR ".libs/"
#define X86_64_SYSTEM 1
#define HAVE_STDIO_H 1
#define HAVE_INTTYPES_H 1
#define HAVE_STDINT_H 1
#define HAVE_STDLIB_H 1
#define HAVE_MATH_H 1
#define HAVE_STRING_H 1
#define HAVE_STDARG_H 1
#define HAVE_MALLOC_H 1
#define HAVE_FLOAT_H 1
#define HAVE_TIME_H 1
#define HAVE_SYS_TIME_H 1
#define HAVE_LIMITS_H 1
#define HAVE_STDDEF_H 1
#define HAVE_GL_GL_H 1
#define HAVE_GL_GLU_H 1
#define HAVE_GL_GLEXT_H 1
#define HAVE__BOOL 1
#define HAVE_STDBOOL_H 1
#define HAVE_LIBM 1
#define HAVE_ATAN2F 1
#define HAVE_CLOCK_GETTIME 1
#define HAVE_COPYSIGN 1
#define HAVE_COPYSIGNF 1
#define HAVE_COSF 1
#define HAVE_FABSF 1
#define HAVE_FLOOR 1
#define HAVE_FMODF 1
#define HAVE_GETTIMEOFDAY 1
#define HAVE_ISNAN 1
#define HAVE__ISNAN 1
#define HAVE___ISNAN 1
#define HAVE_ISNANF 1
#define HAVE__ISNANF 1
#define HAVE___ISNANF 1
#define HAVE_MEMMOVE 1
#define HAVE_MEMSET 1
#define HAVE_PTHREAD_ATTR_SETINHERITSCHED 1
#define HAVE_PTHREAD_CONDATTR_SETCLOCK 1
#define HAVE_SINF 1
#define HAVE_SNPRINTF 1
#define HAVE_SQRT 1
#define HAVE_SQRTF 1
#define HAVE_STRCHR 1
#define HAVE_STRSTR 1
#define HAVE_VSNPRINTF 1
#define HAVE_ALLOCA 1
#define _OU_NAMESPACE odeou
#define dOU_ENABLED 1
#define _OU_FEATURE_SET _OU_FEATURE_SET_TLS
#define dATOMICS_ENABLED 1
#define dTLS_ENABLED 1
#define _OU_TARGET_OS _OU_TARGET_OS_WINDOWS
#define dBUILTIN_THREADING_IMPL_ENABLED 1

configure: exit 0
