cl : command line warning D9035: option 'Gm' has been deprecated and will be removed in a future release
  demo_basket.cpp
E:\Raylib\raylib-4.0.0\rlOde\ode-0.16.2\ode\demo\demo_basket.cpp(162,26): warning C4838: conversion from 'const dReal' to 'float' requires a narrowing conversion
E:\Raylib\raylib-4.0.0\rlOde\ode-0.16.2\ode\demo\demo_basket.cpp(162,35): warning C4838: conversion from 'const dReal' to 'float' requires a narrowing conversion
E:\Raylib\raylib-4.0.0\rlOde\ode-0.16.2\ode\demo\demo_basket.cpp(162,44): warning C4838: conversion from 'const dReal' to 'float' requires a narrowing conversion
E:\Raylib\raylib-4.0.0\rlOde\ode-0.16.2\ode\demo\demo_basket.cpp(163,28): warning C4838: conversion from 'const dReal' to 'float' requires a narrowing conversion
E:\Raylib\raylib-4.0.0\rlOde\ode-0.16.2\ode\demo\demo_basket.cpp(163,37): warning C4838: conversion from 'const dReal' to 'float' requires a narrowing conversion
E:\Raylib\raylib-4.0.0\rlOde\ode-0.16.2\ode\demo\demo_basket.cpp(163,46): warning C4838: conversion from 'const dReal' to 'float' requires a narrowing conversion
E:\Raylib\raylib-4.0.0\rlOde\ode-0.16.2\ode\demo\demo_basket.cpp(163,55): warning C4838: conversion from 'const dReal' to 'float' requires a narrowing conversion
E:\Raylib\raylib-4.0.0\rlOde\ode-0.16.2\ode\demo\demo_basket.cpp(163,64): warning C4838: conversion from 'const dReal' to 'float' requires a narrowing conversion
E:\Raylib\raylib-4.0.0\rlOde\ode-0.16.2\ode\demo\demo_basket.cpp(163,73): warning C4838: conversion from 'const dReal' to 'float' requires a narrowing conversion
E:\Raylib\raylib-4.0.0\rlOde\ode-0.16.2\ode\demo\demo_basket.cpp(163,82): warning C4838: conversion from 'const dReal' to 'float' requires a narrowing conversion
E:\Raylib\raylib-4.0.0\rlOde\ode-0.16.2\ode\demo\demo_basket.cpp(163,91): warning C4838: conversion from 'const dReal' to 'float' requires a narrowing conversion
E:\Raylib\raylib-4.0.0\rlOde\ode-0.16.2\ode\demo\demo_basket.cpp(163,100): warning C4838: conversion from 'const dReal' to 'float' requires a narrowing conversion
E:\Raylib\raylib-4.0.0\rlOde\ode-0.16.2\ode\demo\demo_basket.cpp(163,109): warning C4838: conversion from 'const dReal' to 'float' requires a narrowing conversion
E:\Raylib\raylib-4.0.0\rlOde\ode-0.16.2\ode\demo\demo_basket.cpp(163,119): warning C4838: conversion from 'const dReal' to 'float' requires a narrowing conversion
E:\Raylib\raylib-4.0.0\rlOde\ode-0.16.2\ode\demo\demo_basket.cpp(163,129): warning C4838: conversion from 'const dReal' to 'float' requires a narrowing conversion
E:\Raylib\raylib-4.0.0\rlOde\ode-0.16.2\ode\demo\demo_basket.cpp(177,25): warning C4838: conversion from 'const dReal' to 'float' requires a narrowing conversion
E:\Raylib\raylib-4.0.0\rlOde\ode-0.16.2\ode\demo\demo_basket.cpp(177,33): warning C4838: conversion from 'const dReal' to 'float' requires a narrowing conversion
E:\Raylib\raylib-4.0.0\rlOde\ode-0.16.2\ode\demo\demo_basket.cpp(177,41): warning C4838: conversion from 'const dReal' to 'float' requires a narrowing conversion
E:\Raylib\raylib-4.0.0\rlOde\ode-0.16.2\ode\demo\demo_basket.cpp(181,26): warning C4838: conversion from 'const dReal' to 'float' requires a narrowing conversion
E:\Raylib\raylib-4.0.0\rlOde\ode-0.16.2\ode\demo\demo_basket.cpp(181,34): warning C4838: conversion from 'const dReal' to 'float' requires a narrowing conversion
E:\Raylib\raylib-4.0.0\rlOde\ode-0.16.2\ode\demo\demo_basket.cpp(181,42): warning C4838: conversion from 'const dReal' to 'float' requires a narrowing conversion
E:\Raylib\raylib-4.0.0\rlOde\ode-0.16.2\ode\demo\demo_basket.cpp(181,50): warning C4838: conversion from 'const dReal' to 'float' requires a narrowing conversion
E:\Raylib\raylib-4.0.0\rlOde\ode-0.16.2\ode\demo\demo_basket.cpp(181,58): warning C4838: conversion from 'const dReal' to 'float' requires a narrowing conversion
E:\Raylib\raylib-4.0.0\rlOde\ode-0.16.2\ode\demo\demo_basket.cpp(181,66): warning C4838: conversion from 'const dReal' to 'float' requires a narrowing conversion
E:\Raylib\raylib-4.0.0\rlOde\ode-0.16.2\ode\demo\demo_basket.cpp(181,74): warning C4838: conversion from 'const dReal' to 'float' requires a narrowing conversion
E:\Raylib\raylib-4.0.0\rlOde\ode-0.16.2\ode\demo\demo_basket.cpp(181,82): warning C4838: conversion from 'const dReal' to 'float' requires a narrowing conversion
E:\Raylib\raylib-4.0.0\rlOde\ode-0.16.2\ode\demo\demo_basket.cpp(181,90): warning C4838: conversion from 'const dReal' to 'float' requires a narrowing conversion
E:\Raylib\raylib-4.0.0\rlOde\ode-0.16.2\ode\demo\demo_basket.cpp(181,98): warning C4838: conversion from 'const dReal' to 'float' requires a narrowing conversion
E:\Raylib\raylib-4.0.0\rlOde\ode-0.16.2\ode\demo\demo_basket.cpp(181,107): warning C4838: conversion from 'const dReal' to 'float' requires a narrowing conversion
E:\Raylib\raylib-4.0.0\rlOde\ode-0.16.2\ode\demo\demo_basket.cpp(181,116): warning C4838: conversion from 'const dReal' to 'float' requires a narrowing conversion
  demo_basket.vcxproj -> E:\Raylib\raylib-4.0.0\rlOde\ode-0.16.2\lib\DebugDoubleDLL\demo_basket.exe
  demo_basket.vcxproj -> ..\..\lib\DebugDoubleDLL\demo_basket.pdb (Full PDB)
